<?xml version="1.0" encoding="UTF-8"?>
<robot generator="Robot 3.1.2 (Python 3.7.4 on linux)" generated="20200325 10:16:30.507" rpa="false">
<suite id="s1" name="BlogPostApiTestsAsAdmin &amp; BlogPostApiTestsAsNoPriviligeUser">
<suite id="s1-s1" name="BlogPostApiTestsAsAdmin" source="/home/hakan/Python/Robot/robot-fw-requests-library-tests/Tests/BlogPostApiTestsAsAdmin.robot">
<kw name="Suite Setup" type="setup">
<kw name="Set Variable" library="BuiltIn">
<doc>Returns the given values which can then be assigned to a variables.</doc>
<arguments>
<arg>${ADMIN}[EXPECTED_API_SPEC][actions][POST]</arg>
</arguments>
<assign>
<var>${posting_spec}</var>
</assign>
<msg timestamp="20200325 10:16:30.729" level="INFO">${posting_spec} = {'url': {'type': 'field', 'required': False, 'read_only': True, 'label': 'Url'}, 'id': {'type': 'integer', 'required': False, 'read_only': True, 'label': 'ID'}, 'user': {'type': 'field', 'required': F...</msg>
<status status="PASS" starttime="20200325 10:16:30.728" endtime="20200325 10:16:30.729"></status>
</kw>
<kw name="Set Suite Variable" library="BuiltIn">
<doc>Makes a variable available everywhere within the scope of the current suite.</doc>
<arguments>
<arg>${POSTING_SPEC}</arg>
<arg>${posting_spec}</arg>
</arguments>
<msg timestamp="20200325 10:16:30.729" level="INFO">${POSTING_SPEC} = {'url': {'type': 'field', 'required': False, 'read_only': True, 'label': 'Url'}, 'id': {'type': 'integer', 'required': False, 'read_only': True, 'label': 'ID'}, 'user': {'type': 'field', 'required': F...</msg>
<status status="PASS" starttime="20200325 10:16:30.729" endtime="20200325 10:16:30.729"></status>
</kw>
<status status="PASS" starttime="20200325 10:16:30.728" endtime="20200325 10:16:30.729"></status>
</kw>
<test id="s1-s1-t1" name="Checking BlogPostAPI specification">
<kw name="Test Setup" type="setup">
<kw name="&quot;Pre-Set Postings&quot; Are Cached">
<kw name="&quot;Registered Postings&quot; Are Read">
<kw name="Make Get Request" library="AdminUser">
<assign>
<var>${GET_RESPONSE}</var>
</assign>
<msg timestamp="20200325 10:16:30.732" level="INFO">GET Request using : uri=/api/postings/, params=None, allow_redirects=True, timeout=None
headers={'User-Agent': 'Mozilla/5.0 (X11; Linux x86_64) AppleWebKit/537.36 (KHTML, like Gecko) snap Chromium/80.0.3987.132 Chrome/80.0.3987.132 Safari/537.36', 'Accept-Encoding': 'gzip, deflate, br', 'Accept': 'application/json', 'Connection': 'keep-alive', 'Cookie': 'tabstyle=raw-tab; csrftoken=PEGpUJxFm7n1HZhkWTByL6J1YVg80jZKyrd6vupbApicnJpcFk4l2BPbAOsULVcA; sessionid=qn80bru50vcxk9r06tr9850w7v2de68x', 'Host': 'glacial-earth-31542.herokuapp.com', 'Cache-Control': 'max-age=0', 'Upgrade-Insecure-Requests': '1', 'Sec-Fetch-Dest': 'document', 'Sec-Fetch-Site': 'same-origin', 'Sec-Fetch-Mode': 'navigate', 'Sec-Fetch-User': '?1', 'Referer': 'https://glacial-earth-31542.herokuapp.com/api/postings/', 'Accept-Language': 'en-US,en;q=0.9,fi;q=0.8'} 
data=None 
json=None</msg>
<msg timestamp="20200325 10:16:31.685" level="INFO">${GET_RESPONSE} = &lt;Response [200]&gt;</msg>
<status status="PASS" starttime="20200325 10:16:30.731" endtime="20200325 10:16:31.685"></status>
</kw>
<kw name="Should Be Equal As Integers" library="BuiltIn">
<doc>Fails if objects are unequal after converting them to integers.</doc>
<arguments>
<arg>${GET_RESPONSE.status_code}</arg>
<arg>200</arg>
</arguments>
<msg timestamp="20200325 10:16:31.687" level="INFO">Argument types are:
&lt;class 'int'&gt;
&lt;type 'unicode'&gt;</msg>
<status status="PASS" starttime="20200325 10:16:31.686" endtime="20200325 10:16:31.688"></status>
</kw>
<kw name="Set Variable" library="BuiltIn">
<doc>Returns the given values which can then be assigned to a variables.</doc>
<arguments>
<arg>${GET_RESPONSE.json()}</arg>
</arguments>
<assign>
<var>@{registered_postings}</var>
</assign>
<msg timestamp="20200325 10:16:31.690" level="INFO">@{registered_postings} = [ {'url': 'https://glacial-earth-31542.herokuapp.com/api/postings/1/', 'id': 1, 'user': 1, 'title': 'My First Posting', 'content': "My First Blog's content", 'timestamp': '2019-12-18T17:06:54.373451+0...</msg>
<status status="PASS" starttime="20200325 10:16:31.688" endtime="20200325 10:16:31.690"></status>
</kw>
<kw name="Set Suite Variable" library="BuiltIn">
<doc>Makes a variable available everywhere within the scope of the current suite.</doc>
<arguments>
<arg>@{REGISTERED_POSTINGS}</arg>
<arg>@{registered_postings}</arg>
</arguments>
<msg timestamp="20200325 10:16:31.693" level="INFO">@{REGISTERED_POSTINGS} = [ {'url': 'https://glacial-earth-31542.herokuapp.com/api/postings/1/', 'id': 1, 'user': 1, 'title': 'My First Posting', 'content': "My First Blog's content", 'timestamp': '2019-12-18T17:06:54.373451+0...</msg>
<status status="PASS" starttime="20200325 10:16:31.691" endtime="20200325 10:16:31.693"></status>
</kw>
<status status="PASS" starttime="20200325 10:16:30.731" endtime="20200325 10:16:31.694"></status>
</kw>
<kw name="Set Suite Variable" library="BuiltIn">
<doc>Makes a variable available everywhere within the scope of the current suite.</doc>
<arguments>
<arg>@{PRE_SET_POSTINGS}</arg>
<arg>@{REGISTERED_POSTINGS}</arg>
</arguments>
<msg timestamp="20200325 10:16:31.696" level="INFO">@{PRE_SET_POSTINGS} = [ {'url': 'https://glacial-earth-31542.herokuapp.com/api/postings/1/', 'id': 1, 'user': 1, 'title': 'My First Posting', 'content': "My First Blog's content", 'timestamp': '2019-12-18T17:06:54.373451+0...</msg>
<status status="PASS" starttime="20200325 10:16:31.694" endtime="20200325 10:16:31.696"></status>
</kw>
<status status="PASS" starttime="20200325 10:16:30.730" endtime="20200325 10:16:31.697"></status>
</kw>
<kw name="Set Suite Variable" library="BuiltIn">
<doc>Makes a variable available everywhere within the scope of the current suite.</doc>
<arguments>
<arg>${RANDOM_TARGET_POSTING}</arg>
<arg>${None}</arg>
</arguments>
<msg timestamp="20200325 10:16:31.699" level="INFO">${RANDOM_TARGET_POSTING} = None</msg>
<status status="PASS" starttime="20200325 10:16:31.698" endtime="20200325 10:16:31.699"></status>
</kw>
<status status="PASS" starttime="20200325 10:16:30.730" endtime="20200325 10:16:31.700"></status>
</kw>
<kw name="When BlogPostAPI Specification Is Queried">
<kw name="Make Options Request" library="AdminUser">
<assign>
<var>${OPTIONS_RESPONSE}</var>
</assign>
<msg timestamp="20200325 10:16:31.705" level="INFO">OPTIONS Request using : uri=/api/postings/, allow_redirects=True, timeout=None
headers={'User-Agent': 'Mozilla/5.0 (X11; Linux x86_64) AppleWebKit/537.36 (KHTML, like Gecko) snap Chromium/80.0.3987.132 Chrome/80.0.3987.132 Safari/537.36', 'Accept-Encoding': 'gzip, deflate, br', 'Accept': 'application/json', 'Connection': 'keep-alive', 'Cookie': 'tabstyle=raw-tab; csrftoken=PEGpUJxFm7n1HZhkWTByL6J1YVg80jZKyrd6vupbApicnJpcFk4l2BPbAOsULVcA; sessionid=qn80bru50vcxk9r06tr9850w7v2de68x', 'Host': 'glacial-earth-31542.herokuapp.com', 'Origin': 'https://glacial-earth-31542.herokuapp.com', 'X-Requested-With': 'XMLHttpRequest', 'Sec-Fetch-Dest': 'empty', 'Content-Type': 'application/x-www-form-urlencoded; charset=UTF-8', 'Sec-Fetch-Site': 'same-origin', 'Sec-Fetch-Mode': 'cors', 'Referer': 'https://glacial-earth-31542.herokuapp.com/api/postings/', 'Accept-Language': 'en-US,en;q=0.9,fi;q=0.8'} 
data=None 
json=None</msg>
<msg timestamp="20200325 10:16:31.887" level="INFO">${OPTIONS_RESPONSE} = &lt;Response [200]&gt;</msg>
<status status="PASS" starttime="20200325 10:16:31.702" endtime="20200325 10:16:31.887"></status>
</kw>
<kw name="Set Test Variable" library="BuiltIn">
<doc>Makes a variable available everywhere within the scope of the current test.</doc>
<arguments>
<arg>${OPTIONS_RESPONSE}</arg>
</arguments>
<msg timestamp="20200325 10:16:31.889" level="INFO">${OPTIONS_RESPONSE} = &lt;Response [200]&gt;</msg>
<status status="PASS" starttime="20200325 10:16:31.888" endtime="20200325 10:16:31.889"></status>
</kw>
<status status="PASS" starttime="20200325 10:16:31.701" endtime="20200325 10:16:31.890"></status>
</kw>
<kw name="Then BlogPostAPI Specification Is Correct">
<kw name="Verify Options Response" library="AdminUser">
<arguments>
<arg>options_response=${OPTIONS_RESPONSE}</arg>
</arguments>
<status status="PASS" starttime="20200325 10:16:31.892" endtime="20200325 10:16:31.896"></status>
</kw>
<status status="PASS" starttime="20200325 10:16:31.891" endtime="20200325 10:16:31.897"></status>
</kw>
<kw name="Test Teardown" type="teardown">
<kw name="Delete Every Posting Except &quot;Pre-Set Postings&quot;">
<kw name="&quot;Registered Postings&quot; Are Read">
<kw name="Make Get Request" library="AdminUser">
<assign>
<var>${GET_RESPONSE}</var>
</assign>
<msg timestamp="20200325 10:16:31.909" level="INFO">GET Request using : uri=/api/postings/, params=None, allow_redirects=True, timeout=None
headers={'User-Agent': 'Mozilla/5.0 (X11; Linux x86_64) AppleWebKit/537.36 (KHTML, like Gecko) snap Chromium/80.0.3987.132 Chrome/80.0.3987.132 Safari/537.36', 'Accept-Encoding': 'gzip, deflate, br', 'Accept': 'application/json', 'Connection': 'keep-alive', 'Cookie': 'tabstyle=raw-tab; csrftoken=PEGpUJxFm7n1HZhkWTByL6J1YVg80jZKyrd6vupbApicnJpcFk4l2BPbAOsULVcA; sessionid=qn80bru50vcxk9r06tr9850w7v2de68x', 'Host': 'glacial-earth-31542.herokuapp.com', 'Cache-Control': 'max-age=0', 'Upgrade-Insecure-Requests': '1', 'Sec-Fetch-Dest': 'document', 'Sec-Fetch-Site': 'same-origin', 'Sec-Fetch-Mode': 'navigate', 'Sec-Fetch-User': '?1', 'Referer': 'https://glacial-earth-31542.herokuapp.com/api/postings/', 'Accept-Language': 'en-US,en;q=0.9,fi;q=0.8'} 
data=None 
json=None</msg>
<msg timestamp="20200325 10:16:32.194" level="INFO">${GET_RESPONSE} = &lt;Response [200]&gt;</msg>
<status status="PASS" starttime="20200325 10:16:31.908" endtime="20200325 10:16:32.194"></status>
</kw>
<kw name="Should Be Equal As Integers" library="BuiltIn">
<doc>Fails if objects are unequal after converting them to integers.</doc>
<arguments>
<arg>${GET_RESPONSE.status_code}</arg>
<arg>200</arg>
</arguments>
<msg timestamp="20200325 10:16:32.196" level="INFO">Argument types are:
&lt;class 'int'&gt;
&lt;type 'unicode'&gt;</msg>
<status status="PASS" starttime="20200325 10:16:32.195" endtime="20200325 10:16:32.196"></status>
</kw>
<kw name="Set Variable" library="BuiltIn">
<doc>Returns the given values which can then be assigned to a variables.</doc>
<arguments>
<arg>${GET_RESPONSE.json()}</arg>
</arguments>
<assign>
<var>@{registered_postings}</var>
</assign>
<msg timestamp="20200325 10:16:32.198" level="INFO">@{registered_postings} = [ {'url': 'https://glacial-earth-31542.herokuapp.com/api/postings/1/', 'id': 1, 'user': 1, 'title': 'My First Posting', 'content': "My First Blog's content", 'timestamp': '2019-12-18T17:06:54.373451+0...</msg>
<status status="PASS" starttime="20200325 10:16:32.197" endtime="20200325 10:16:32.198"></status>
</kw>
<kw name="Set Suite Variable" library="BuiltIn">
<doc>Makes a variable available everywhere within the scope of the current suite.</doc>
<arguments>
<arg>@{REGISTERED_POSTINGS}</arg>
<arg>@{registered_postings}</arg>
</arguments>
<msg timestamp="20200325 10:16:32.200" level="INFO">@{REGISTERED_POSTINGS} = [ {'url': 'https://glacial-earth-31542.herokuapp.com/api/postings/1/', 'id': 1, 'user': 1, 'title': 'My First Posting', 'content': "My First Blog's content", 'timestamp': '2019-12-18T17:06:54.373451+0...</msg>
<status status="PASS" starttime="20200325 10:16:32.199" endtime="20200325 10:16:32.201"></status>
</kw>
<status status="PASS" starttime="20200325 10:16:31.907" endtime="20200325 10:16:32.201"></status>
</kw>
<kw name="Delete Postings" library="Utilities">
<arguments>
<arg>candidate_postings_to_delete=${REGISTERED_POSTINGS}</arg>
<arg>postings_to_skip=${PRE_SET_POSTINGS}</arg>
</arguments>
<status status="PASS" starttime="20200325 10:16:32.202" endtime="20200325 10:16:32.203"></status>
</kw>
<status status="PASS" starttime="20200325 10:16:31.899" endtime="20200325 10:16:32.204"></status>
</kw>
<kw name="&quot;Registered Postings&quot; Are Read">
<kw name="Make Get Request" library="AdminUser">
<assign>
<var>${GET_RESPONSE}</var>
</assign>
<msg timestamp="20200325 10:16:32.207" level="INFO">GET Request using : uri=/api/postings/, params=None, allow_redirects=True, timeout=None
headers={'User-Agent': 'Mozilla/5.0 (X11; Linux x86_64) AppleWebKit/537.36 (KHTML, like Gecko) snap Chromium/80.0.3987.132 Chrome/80.0.3987.132 Safari/537.36', 'Accept-Encoding': 'gzip, deflate, br', 'Accept': 'application/json', 'Connection': 'keep-alive', 'Cookie': 'tabstyle=raw-tab; csrftoken=PEGpUJxFm7n1HZhkWTByL6J1YVg80jZKyrd6vupbApicnJpcFk4l2BPbAOsULVcA; sessionid=qn80bru50vcxk9r06tr9850w7v2de68x', 'Host': 'glacial-earth-31542.herokuapp.com', 'Cache-Control': 'max-age=0', 'Upgrade-Insecure-Requests': '1', 'Sec-Fetch-Dest': 'document', 'Sec-Fetch-Site': 'same-origin', 'Sec-Fetch-Mode': 'navigate', 'Sec-Fetch-User': '?1', 'Referer': 'https://glacial-earth-31542.herokuapp.com/api/postings/', 'Accept-Language': 'en-US,en;q=0.9,fi;q=0.8'} 
data=None 
json=None</msg>
<msg timestamp="20200325 10:16:32.401" level="INFO">${GET_RESPONSE} = &lt;Response [200]&gt;</msg>
<status status="PASS" starttime="20200325 10:16:32.206" endtime="20200325 10:16:32.401"></status>
</kw>
<kw name="Should Be Equal As Integers" library="BuiltIn">
<doc>Fails if objects are unequal after converting them to integers.</doc>
<arguments>
<arg>${GET_RESPONSE.status_code}</arg>
<arg>200</arg>
</arguments>
<msg timestamp="20200325 10:16:32.404" level="INFO">Argument types are:
&lt;class 'int'&gt;
&lt;type 'unicode'&gt;</msg>
<status status="PASS" starttime="20200325 10:16:32.402" endtime="20200325 10:16:32.404"></status>
</kw>
<kw name="Set Variable" library="BuiltIn">
<doc>Returns the given values which can then be assigned to a variables.</doc>
<arguments>
<arg>${GET_RESPONSE.json()}</arg>
</arguments>
<assign>
<var>@{registered_postings}</var>
</assign>
<msg timestamp="20200325 10:16:32.406" level="INFO">@{registered_postings} = [ {'url': 'https://glacial-earth-31542.herokuapp.com/api/postings/1/', 'id': 1, 'user': 1, 'title': 'My First Posting', 'content': "My First Blog's content", 'timestamp': '2019-12-18T17:06:54.373451+0...</msg>
<status status="PASS" starttime="20200325 10:16:32.405" endtime="20200325 10:16:32.406"></status>
</kw>
<kw name="Set Suite Variable" library="BuiltIn">
<doc>Makes a variable available everywhere within the scope of the current suite.</doc>
<arguments>
<arg>@{REGISTERED_POSTINGS}</arg>
<arg>@{registered_postings}</arg>
</arguments>
<msg timestamp="20200325 10:16:32.408" level="INFO">@{REGISTERED_POSTINGS} = [ {'url': 'https://glacial-earth-31542.herokuapp.com/api/postings/1/', 'id': 1, 'user': 1, 'title': 'My First Posting', 'content': "My First Blog's content", 'timestamp': '2019-12-18T17:06:54.373451+0...</msg>
<status status="PASS" starttime="20200325 10:16:32.407" endtime="20200325 10:16:32.409"></status>
</kw>
<status status="PASS" starttime="20200325 10:16:32.204" endtime="20200325 10:16:32.409"></status>
</kw>
<kw name="Only &quot;Pre-Set Postings&quot; Are Left In The System">
<kw name="Should Be True" library="BuiltIn">
<doc>Fails if the given condition is not true.</doc>
<arguments>
<arg>$REGISTERED_POSTINGS == $PRE_SET_POSTINGS</arg>
</arguments>
<status status="PASS" starttime="20200325 10:16:32.411" endtime="20200325 10:16:32.429"></status>
</kw>
<status status="PASS" starttime="20200325 10:16:32.410" endtime="20200325 10:16:32.430"></status>
</kw>
<kw name="Set Suite Variable" library="BuiltIn">
<doc>Makes a variable available everywhere within the scope of the current suite.</doc>
<arguments>
<arg>${RANDOM_TARGET_POSTING}</arg>
<arg>${None}</arg>
</arguments>
<msg timestamp="20200325 10:16:32.432" level="INFO">${RANDOM_TARGET_POSTING} = None</msg>
<status status="PASS" starttime="20200325 10:16:32.431" endtime="20200325 10:16:32.433"></status>
</kw>
<status status="PASS" starttime="20200325 10:16:31.898" endtime="20200325 10:16:32.433"></status>
</kw>
<tags>
<tag>smoke-as-admin</tag>
</tags>
<status status="PASS" starttime="20200325 10:16:30.730" endtime="20200325 10:16:32.434" critical="yes"></status>
</test>
<test id="s1-s1-t2" name="Querying &amp; Verifying Pre-Set Postings">
<kw name="Test Setup" type="setup">
<kw name="&quot;Pre-Set Postings&quot; Are Cached">
<kw name="&quot;Registered Postings&quot; Are Read">
<kw name="Make Get Request" library="AdminUser">
<assign>
<var>${GET_RESPONSE}</var>
</assign>
<msg timestamp="20200325 10:16:32.442" level="INFO">GET Request using : uri=/api/postings/, params=None, allow_redirects=True, timeout=None
headers={'User-Agent': 'Mozilla/5.0 (X11; Linux x86_64) AppleWebKit/537.36 (KHTML, like Gecko) snap Chromium/80.0.3987.132 Chrome/80.0.3987.132 Safari/537.36', 'Accept-Encoding': 'gzip, deflate, br', 'Accept': 'application/json', 'Connection': 'keep-alive', 'Cookie': 'tabstyle=raw-tab; csrftoken=PEGpUJxFm7n1HZhkWTByL6J1YVg80jZKyrd6vupbApicnJpcFk4l2BPbAOsULVcA; sessionid=qn80bru50vcxk9r06tr9850w7v2de68x', 'Host': 'glacial-earth-31542.herokuapp.com', 'Cache-Control': 'max-age=0', 'Upgrade-Insecure-Requests': '1', 'Sec-Fetch-Dest': 'document', 'Sec-Fetch-Site': 'same-origin', 'Sec-Fetch-Mode': 'navigate', 'Sec-Fetch-User': '?1', 'Referer': 'https://glacial-earth-31542.herokuapp.com/api/postings/', 'Accept-Language': 'en-US,en;q=0.9,fi;q=0.8'} 
data=None 
json=None</msg>
<msg timestamp="20200325 10:16:32.705" level="INFO">${GET_RESPONSE} = &lt;Response [200]&gt;</msg>
<status status="PASS" starttime="20200325 10:16:32.440" endtime="20200325 10:16:32.705"></status>
</kw>
<kw name="Should Be Equal As Integers" library="BuiltIn">
<doc>Fails if objects are unequal after converting them to integers.</doc>
<arguments>
<arg>${GET_RESPONSE.status_code}</arg>
<arg>200</arg>
</arguments>
<msg timestamp="20200325 10:16:32.708" level="INFO">Argument types are:
&lt;class 'int'&gt;
&lt;type 'unicode'&gt;</msg>
<status status="PASS" starttime="20200325 10:16:32.706" endtime="20200325 10:16:32.708"></status>
</kw>
<kw name="Set Variable" library="BuiltIn">
<doc>Returns the given values which can then be assigned to a variables.</doc>
<arguments>
<arg>${GET_RESPONSE.json()}</arg>
</arguments>
<assign>
<var>@{registered_postings}</var>
</assign>
<msg timestamp="20200325 10:16:32.710" level="INFO">@{registered_postings} = [ {'url': 'https://glacial-earth-31542.herokuapp.com/api/postings/1/', 'id': 1, 'user': 1, 'title': 'My First Posting', 'content': "My First Blog's content", 'timestamp': '2019-12-18T17:06:54.373451+0...</msg>
<status status="PASS" starttime="20200325 10:16:32.709" endtime="20200325 10:16:32.711"></status>
</kw>
<kw name="Set Suite Variable" library="BuiltIn">
<doc>Makes a variable available everywhere within the scope of the current suite.</doc>
<arguments>
<arg>@{REGISTERED_POSTINGS}</arg>
<arg>@{registered_postings}</arg>
</arguments>
<msg timestamp="20200325 10:16:32.713" level="INFO">@{REGISTERED_POSTINGS} = [ {'url': 'https://glacial-earth-31542.herokuapp.com/api/postings/1/', 'id': 1, 'user': 1, 'title': 'My First Posting', 'content': "My First Blog's content", 'timestamp': '2019-12-18T17:06:54.373451+0...</msg>
<status status="PASS" starttime="20200325 10:16:32.711" endtime="20200325 10:16:32.713"></status>
</kw>
<status status="PASS" starttime="20200325 10:16:32.439" endtime="20200325 10:16:32.714"></status>
</kw>
<kw name="Set Suite Variable" library="BuiltIn">
<doc>Makes a variable available everywhere within the scope of the current suite.</doc>
<arguments>
<arg>@{PRE_SET_POSTINGS}</arg>
<arg>@{REGISTERED_POSTINGS}</arg>
</arguments>
<msg timestamp="20200325 10:16:32.716" level="INFO">@{PRE_SET_POSTINGS} = [ {'url': 'https://glacial-earth-31542.herokuapp.com/api/postings/1/', 'id': 1, 'user': 1, 'title': 'My First Posting', 'content': "My First Blog's content", 'timestamp': '2019-12-18T17:06:54.373451+0...</msg>
<status status="PASS" starttime="20200325 10:16:32.714" endtime="20200325 10:16:32.716"></status>
</kw>
<status status="PASS" starttime="20200325 10:16:32.438" endtime="20200325 10:16:32.716"></status>
</kw>
<kw name="Set Suite Variable" library="BuiltIn">
<doc>Makes a variable available everywhere within the scope of the current suite.</doc>
<arguments>
<arg>${RANDOM_TARGET_POSTING}</arg>
<arg>${None}</arg>
</arguments>
<msg timestamp="20200325 10:16:32.718" level="INFO">${RANDOM_TARGET_POSTING} = None</msg>
<status status="PASS" starttime="20200325 10:16:32.717" endtime="20200325 10:16:32.718"></status>
</kw>
<status status="PASS" starttime="20200325 10:16:32.437" endtime="20200325 10:16:32.719"></status>
</kw>
<kw name="When &quot;Registered Postings&quot; Are Read">
<kw name="Make Get Request" library="AdminUser">
<assign>
<var>${GET_RESPONSE}</var>
</assign>
<msg timestamp="20200325 10:16:32.722" level="INFO">GET Request using : uri=/api/postings/, params=None, allow_redirects=True, timeout=None
headers={'User-Agent': 'Mozilla/5.0 (X11; Linux x86_64) AppleWebKit/537.36 (KHTML, like Gecko) snap Chromium/80.0.3987.132 Chrome/80.0.3987.132 Safari/537.36', 'Accept-Encoding': 'gzip, deflate, br', 'Accept': 'application/json', 'Connection': 'keep-alive', 'Cookie': 'tabstyle=raw-tab; csrftoken=PEGpUJxFm7n1HZhkWTByL6J1YVg80jZKyrd6vupbApicnJpcFk4l2BPbAOsULVcA; sessionid=qn80bru50vcxk9r06tr9850w7v2de68x', 'Host': 'glacial-earth-31542.herokuapp.com', 'Cache-Control': 'max-age=0', 'Upgrade-Insecure-Requests': '1', 'Sec-Fetch-Dest': 'document', 'Sec-Fetch-Site': 'same-origin', 'Sec-Fetch-Mode': 'navigate', 'Sec-Fetch-User': '?1', 'Referer': 'https://glacial-earth-31542.herokuapp.com/api/postings/', 'Accept-Language': 'en-US,en;q=0.9,fi;q=0.8'} 
data=None 
json=None</msg>
<msg timestamp="20200325 10:16:32.913" level="INFO">${GET_RESPONSE} = &lt;Response [200]&gt;</msg>
<status status="PASS" starttime="20200325 10:16:32.721" endtime="20200325 10:16:32.913"></status>
</kw>
<kw name="Should Be Equal As Integers" library="BuiltIn">
<doc>Fails if objects are unequal after converting them to integers.</doc>
<arguments>
<arg>${GET_RESPONSE.status_code}</arg>
<arg>200</arg>
</arguments>
<msg timestamp="20200325 10:16:32.915" level="INFO">Argument types are:
&lt;class 'int'&gt;
&lt;type 'unicode'&gt;</msg>
<status status="PASS" starttime="20200325 10:16:32.914" endtime="20200325 10:16:32.916"></status>
</kw>
<kw name="Set Variable" library="BuiltIn">
<doc>Returns the given values which can then be assigned to a variables.</doc>
<arguments>
<arg>${GET_RESPONSE.json()}</arg>
</arguments>
<assign>
<var>@{registered_postings}</var>
</assign>
<msg timestamp="20200325 10:16:32.918" level="INFO">@{registered_postings} = [ {'url': 'https://glacial-earth-31542.herokuapp.com/api/postings/1/', 'id': 1, 'user': 1, 'title': 'My First Posting', 'content': "My First Blog's content", 'timestamp': '2019-12-18T17:06:54.373451+0...</msg>
<status status="PASS" starttime="20200325 10:16:32.916" endtime="20200325 10:16:32.918"></status>
</kw>
<kw name="Set Suite Variable" library="BuiltIn">
<doc>Makes a variable available everywhere within the scope of the current suite.</doc>
<arguments>
<arg>@{REGISTERED_POSTINGS}</arg>
<arg>@{registered_postings}</arg>
</arguments>
<msg timestamp="20200325 10:16:32.923" level="INFO">@{REGISTERED_POSTINGS} = [ {'url': 'https://glacial-earth-31542.herokuapp.com/api/postings/1/', 'id': 1, 'user': 1, 'title': 'My First Posting', 'content': "My First Blog's content", 'timestamp': '2019-12-18T17:06:54.373451+0...</msg>
<status status="PASS" starttime="20200325 10:16:32.919" endtime="20200325 10:16:32.923"></status>
</kw>
<status status="PASS" starttime="20200325 10:16:32.720" endtime="20200325 10:16:32.924"></status>
</kw>
<kw name="Then &quot;Registered Postings&quot; Must Comply With &quot;Posting Spec&quot;" library="CommonResource">
<kw name="Verify All Postings" library="Utilities">
<doc>:param postings_to_verify: a list of postings, where each posting needs to be verified against posting_spec
:param posting_spec: a dict containing keys, which map to posting fields
:return: None</doc>
<arguments>
<arg>postings_to_verify=${REGISTERED_POSTINGS}</arg>
<arg>posting_spec=${POSTING_SPEC}</arg>
</arguments>
<status status="PASS" starttime="20200325 10:16:32.926" endtime="20200325 10:16:32.927"></status>
</kw>
<status status="PASS" starttime="20200325 10:16:32.925" endtime="20200325 10:16:32.928"></status>
</kw>
<kw name="Test Teardown" type="teardown">
<kw name="Delete Every Posting Except &quot;Pre-Set Postings&quot;">
<kw name="&quot;Registered Postings&quot; Are Read">
<kw name="Make Get Request" library="AdminUser">
<assign>
<var>${GET_RESPONSE}</var>
</assign>
<msg timestamp="20200325 10:16:32.940" level="INFO">GET Request using : uri=/api/postings/, params=None, allow_redirects=True, timeout=None
headers={'User-Agent': 'Mozilla/5.0 (X11; Linux x86_64) AppleWebKit/537.36 (KHTML, like Gecko) snap Chromium/80.0.3987.132 Chrome/80.0.3987.132 Safari/537.36', 'Accept-Encoding': 'gzip, deflate, br', 'Accept': 'application/json', 'Connection': 'keep-alive', 'Cookie': 'tabstyle=raw-tab; csrftoken=PEGpUJxFm7n1HZhkWTByL6J1YVg80jZKyrd6vupbApicnJpcFk4l2BPbAOsULVcA; sessionid=qn80bru50vcxk9r06tr9850w7v2de68x', 'Host': 'glacial-earth-31542.herokuapp.com', 'Cache-Control': 'max-age=0', 'Upgrade-Insecure-Requests': '1', 'Sec-Fetch-Dest': 'document', 'Sec-Fetch-Site': 'same-origin', 'Sec-Fetch-Mode': 'navigate', 'Sec-Fetch-User': '?1', 'Referer': 'https://glacial-earth-31542.herokuapp.com/api/postings/', 'Accept-Language': 'en-US,en;q=0.9,fi;q=0.8'} 
data=None 
json=None</msg>
<msg timestamp="20200325 10:16:33.115" level="INFO">${GET_RESPONSE} = &lt;Response [200]&gt;</msg>
<status status="PASS" starttime="20200325 10:16:32.932" endtime="20200325 10:16:33.115"></status>
</kw>
<kw name="Should Be Equal As Integers" library="BuiltIn">
<doc>Fails if objects are unequal after converting them to integers.</doc>
<arguments>
<arg>${GET_RESPONSE.status_code}</arg>
<arg>200</arg>
</arguments>
<msg timestamp="20200325 10:16:33.117" level="INFO">Argument types are:
&lt;class 'int'&gt;
&lt;type 'unicode'&gt;</msg>
<status status="PASS" starttime="20200325 10:16:33.116" endtime="20200325 10:16:33.118"></status>
</kw>
<kw name="Set Variable" library="BuiltIn">
<doc>Returns the given values which can then be assigned to a variables.</doc>
<arguments>
<arg>${GET_RESPONSE.json()}</arg>
</arguments>
<assign>
<var>@{registered_postings}</var>
</assign>
<msg timestamp="20200325 10:16:33.120" level="INFO">@{registered_postings} = [ {'url': 'https://glacial-earth-31542.herokuapp.com/api/postings/1/', 'id': 1, 'user': 1, 'title': 'My First Posting', 'content': "My First Blog's content", 'timestamp': '2019-12-18T17:06:54.373451+0...</msg>
<status status="PASS" starttime="20200325 10:16:33.118" endtime="20200325 10:16:33.120"></status>
</kw>
<kw name="Set Suite Variable" library="BuiltIn">
<doc>Makes a variable available everywhere within the scope of the current suite.</doc>
<arguments>
<arg>@{REGISTERED_POSTINGS}</arg>
<arg>@{registered_postings}</arg>
</arguments>
<msg timestamp="20200325 10:16:33.125" level="INFO">@{REGISTERED_POSTINGS} = [ {'url': 'https://glacial-earth-31542.herokuapp.com/api/postings/1/', 'id': 1, 'user': 1, 'title': 'My First Posting', 'content': "My First Blog's content", 'timestamp': '2019-12-18T17:06:54.373451+0...</msg>
<status status="PASS" starttime="20200325 10:16:33.121" endtime="20200325 10:16:33.126"></status>
</kw>
<status status="PASS" starttime="20200325 10:16:32.931" endtime="20200325 10:16:33.126"></status>
</kw>
<kw name="Delete Postings" library="Utilities">
<arguments>
<arg>candidate_postings_to_delete=${REGISTERED_POSTINGS}</arg>
<arg>postings_to_skip=${PRE_SET_POSTINGS}</arg>
</arguments>
<status status="PASS" starttime="20200325 10:16:33.127" endtime="20200325 10:16:33.128"></status>
</kw>
<status status="PASS" starttime="20200325 10:16:32.930" endtime="20200325 10:16:33.128"></status>
</kw>
<kw name="&quot;Registered Postings&quot; Are Read">
<kw name="Make Get Request" library="AdminUser">
<assign>
<var>${GET_RESPONSE}</var>
</assign>
<msg timestamp="20200325 10:16:33.131" level="INFO">GET Request using : uri=/api/postings/, params=None, allow_redirects=True, timeout=None
headers={'User-Agent': 'Mozilla/5.0 (X11; Linux x86_64) AppleWebKit/537.36 (KHTML, like Gecko) snap Chromium/80.0.3987.132 Chrome/80.0.3987.132 Safari/537.36', 'Accept-Encoding': 'gzip, deflate, br', 'Accept': 'application/json', 'Connection': 'keep-alive', 'Cookie': 'tabstyle=raw-tab; csrftoken=PEGpUJxFm7n1HZhkWTByL6J1YVg80jZKyrd6vupbApicnJpcFk4l2BPbAOsULVcA; sessionid=qn80bru50vcxk9r06tr9850w7v2de68x', 'Host': 'glacial-earth-31542.herokuapp.com', 'Cache-Control': 'max-age=0', 'Upgrade-Insecure-Requests': '1', 'Sec-Fetch-Dest': 'document', 'Sec-Fetch-Site': 'same-origin', 'Sec-Fetch-Mode': 'navigate', 'Sec-Fetch-User': '?1', 'Referer': 'https://glacial-earth-31542.herokuapp.com/api/postings/', 'Accept-Language': 'en-US,en;q=0.9,fi;q=0.8'} 
data=None 
json=None</msg>
<msg timestamp="20200325 10:16:33.319" level="INFO">${GET_RESPONSE} = &lt;Response [200]&gt;</msg>
<status status="PASS" starttime="20200325 10:16:33.130" endtime="20200325 10:16:33.320"></status>
</kw>
<kw name="Should Be Equal As Integers" library="BuiltIn">
<doc>Fails if objects are unequal after converting them to integers.</doc>
<arguments>
<arg>${GET_RESPONSE.status_code}</arg>
<arg>200</arg>
</arguments>
<msg timestamp="20200325 10:16:33.322" level="INFO">Argument types are:
&lt;class 'int'&gt;
&lt;type 'unicode'&gt;</msg>
<status status="PASS" starttime="20200325 10:16:33.320" endtime="20200325 10:16:33.322"></status>
</kw>
<kw name="Set Variable" library="BuiltIn">
<doc>Returns the given values which can then be assigned to a variables.</doc>
<arguments>
<arg>${GET_RESPONSE.json()}</arg>
</arguments>
<assign>
<var>@{registered_postings}</var>
</assign>
<msg timestamp="20200325 10:16:33.324" level="INFO">@{registered_postings} = [ {'url': 'https://glacial-earth-31542.herokuapp.com/api/postings/1/', 'id': 1, 'user': 1, 'title': 'My First Posting', 'content': "My First Blog's content", 'timestamp': '2019-12-18T17:06:54.373451+0...</msg>
<status status="PASS" starttime="20200325 10:16:33.323" endtime="20200325 10:16:33.324"></status>
</kw>
<kw name="Set Suite Variable" library="BuiltIn">
<doc>Makes a variable available everywhere within the scope of the current suite.</doc>
<arguments>
<arg>@{REGISTERED_POSTINGS}</arg>
<arg>@{registered_postings}</arg>
</arguments>
<msg timestamp="20200325 10:16:33.326" level="INFO">@{REGISTERED_POSTINGS} = [ {'url': 'https://glacial-earth-31542.herokuapp.com/api/postings/1/', 'id': 1, 'user': 1, 'title': 'My First Posting', 'content': "My First Blog's content", 'timestamp': '2019-12-18T17:06:54.373451+0...</msg>
<status status="PASS" starttime="20200325 10:16:33.325" endtime="20200325 10:16:33.327"></status>
</kw>
<status status="PASS" starttime="20200325 10:16:33.129" endtime="20200325 10:16:33.327"></status>
</kw>
<kw name="Only &quot;Pre-Set Postings&quot; Are Left In The System">
<kw name="Should Be True" library="BuiltIn">
<doc>Fails if the given condition is not true.</doc>
<arguments>
<arg>$REGISTERED_POSTINGS == $PRE_SET_POSTINGS</arg>
</arguments>
<status status="PASS" starttime="20200325 10:16:33.329" endtime="20200325 10:16:33.333"></status>
</kw>
<status status="PASS" starttime="20200325 10:16:33.328" endtime="20200325 10:16:33.335"></status>
</kw>
<kw name="Set Suite Variable" library="BuiltIn">
<doc>Makes a variable available everywhere within the scope of the current suite.</doc>
<arguments>
<arg>${RANDOM_TARGET_POSTING}</arg>
<arg>${None}</arg>
</arguments>
<msg timestamp="20200325 10:16:33.337" level="INFO">${RANDOM_TARGET_POSTING} = None</msg>
<status status="PASS" starttime="20200325 10:16:33.336" endtime="20200325 10:16:33.337"></status>
</kw>
<status status="PASS" starttime="20200325 10:16:32.929" endtime="20200325 10:16:33.337"></status>
</kw>
<tags>
<tag>smoke-as-admin</tag>
</tags>
<status status="PASS" starttime="20200325 10:16:32.435" endtime="20200325 10:16:33.338" critical="yes"></status>
</test>
<test id="s1-s1-t3" name="Creating &quot;Target Postings&quot;">
<kw name="Test Setup" type="setup">
<kw name="&quot;Pre-Set Postings&quot; Are Cached">
<kw name="&quot;Registered Postings&quot; Are Read">
<kw name="Make Get Request" library="AdminUser">
<assign>
<var>${GET_RESPONSE}</var>
</assign>
<msg timestamp="20200325 10:16:33.346" level="INFO">GET Request using : uri=/api/postings/, params=None, allow_redirects=True, timeout=None
headers={'User-Agent': 'Mozilla/5.0 (X11; Linux x86_64) AppleWebKit/537.36 (KHTML, like Gecko) snap Chromium/80.0.3987.132 Chrome/80.0.3987.132 Safari/537.36', 'Accept-Encoding': 'gzip, deflate, br', 'Accept': 'application/json', 'Connection': 'keep-alive', 'Cookie': 'tabstyle=raw-tab; csrftoken=PEGpUJxFm7n1HZhkWTByL6J1YVg80jZKyrd6vupbApicnJpcFk4l2BPbAOsULVcA; sessionid=qn80bru50vcxk9r06tr9850w7v2de68x', 'Host': 'glacial-earth-31542.herokuapp.com', 'Cache-Control': 'max-age=0', 'Upgrade-Insecure-Requests': '1', 'Sec-Fetch-Dest': 'document', 'Sec-Fetch-Site': 'same-origin', 'Sec-Fetch-Mode': 'navigate', 'Sec-Fetch-User': '?1', 'Referer': 'https://glacial-earth-31542.herokuapp.com/api/postings/', 'Accept-Language': 'en-US,en;q=0.9,fi;q=0.8'} 
data=None 
json=None</msg>
<msg timestamp="20200325 10:16:33.629" level="INFO">${GET_RESPONSE} = &lt;Response [200]&gt;</msg>
<status status="PASS" starttime="20200325 10:16:33.345" endtime="20200325 10:16:33.629"></status>
</kw>
<kw name="Should Be Equal As Integers" library="BuiltIn">
<doc>Fails if objects are unequal after converting them to integers.</doc>
<arguments>
<arg>${GET_RESPONSE.status_code}</arg>
<arg>200</arg>
</arguments>
<msg timestamp="20200325 10:16:33.632" level="INFO">Argument types are:
&lt;class 'int'&gt;
&lt;type 'unicode'&gt;</msg>
<status status="PASS" starttime="20200325 10:16:33.630" endtime="20200325 10:16:33.632"></status>
</kw>
<kw name="Set Variable" library="BuiltIn">
<doc>Returns the given values which can then be assigned to a variables.</doc>
<arguments>
<arg>${GET_RESPONSE.json()}</arg>
</arguments>
<assign>
<var>@{registered_postings}</var>
</assign>
<msg timestamp="20200325 10:16:33.637" level="INFO">@{registered_postings} = [ {'url': 'https://glacial-earth-31542.herokuapp.com/api/postings/1/', 'id': 1, 'user': 1, 'title': 'My First Posting', 'content': "My First Blog's content", 'timestamp': '2019-12-18T17:06:54.373451+0...</msg>
<status status="PASS" starttime="20200325 10:16:33.634" endtime="20200325 10:16:33.637"></status>
</kw>
<kw name="Set Suite Variable" library="BuiltIn">
<doc>Makes a variable available everywhere within the scope of the current suite.</doc>
<arguments>
<arg>@{REGISTERED_POSTINGS}</arg>
<arg>@{registered_postings}</arg>
</arguments>
<msg timestamp="20200325 10:16:33.640" level="INFO">@{REGISTERED_POSTINGS} = [ {'url': 'https://glacial-earth-31542.herokuapp.com/api/postings/1/', 'id': 1, 'user': 1, 'title': 'My First Posting', 'content': "My First Blog's content", 'timestamp': '2019-12-18T17:06:54.373451+0...</msg>
<status status="PASS" starttime="20200325 10:16:33.638" endtime="20200325 10:16:33.640"></status>
</kw>
<status status="PASS" starttime="20200325 10:16:33.344" endtime="20200325 10:16:33.640"></status>
</kw>
<kw name="Set Suite Variable" library="BuiltIn">
<doc>Makes a variable available everywhere within the scope of the current suite.</doc>
<arguments>
<arg>@{PRE_SET_POSTINGS}</arg>
<arg>@{REGISTERED_POSTINGS}</arg>
</arguments>
<msg timestamp="20200325 10:16:33.642" level="INFO">@{PRE_SET_POSTINGS} = [ {'url': 'https://glacial-earth-31542.herokuapp.com/api/postings/1/', 'id': 1, 'user': 1, 'title': 'My First Posting', 'content': "My First Blog's content", 'timestamp': '2019-12-18T17:06:54.373451+0...</msg>
<status status="PASS" starttime="20200325 10:16:33.641" endtime="20200325 10:16:33.642"></status>
</kw>
<status status="PASS" starttime="20200325 10:16:33.343" endtime="20200325 10:16:33.643"></status>
</kw>
<kw name="Set Suite Variable" library="BuiltIn">
<doc>Makes a variable available everywhere within the scope of the current suite.</doc>
<arguments>
<arg>${RANDOM_TARGET_POSTING}</arg>
<arg>${None}</arg>
</arguments>
<msg timestamp="20200325 10:16:33.645" level="INFO">${RANDOM_TARGET_POSTING} = None</msg>
<status status="PASS" starttime="20200325 10:16:33.644" endtime="20200325 10:16:33.646"></status>
</kw>
<status status="PASS" starttime="20200325 10:16:33.341" endtime="20200325 10:16:33.646"></status>
</kw>
<kw name="Given &quot;Target Postings&quot; Must Not Be Registered In The System">
<kw name="&quot;Registered Postings&quot; Are Read">
<kw name="Make Get Request" library="AdminUser">
<assign>
<var>${GET_RESPONSE}</var>
</assign>
<msg timestamp="20200325 10:16:33.651" level="INFO">GET Request using : uri=/api/postings/, params=None, allow_redirects=True, timeout=None
headers={'User-Agent': 'Mozilla/5.0 (X11; Linux x86_64) AppleWebKit/537.36 (KHTML, like Gecko) snap Chromium/80.0.3987.132 Chrome/80.0.3987.132 Safari/537.36', 'Accept-Encoding': 'gzip, deflate, br', 'Accept': 'application/json', 'Connection': 'keep-alive', 'Cookie': 'tabstyle=raw-tab; csrftoken=PEGpUJxFm7n1HZhkWTByL6J1YVg80jZKyrd6vupbApicnJpcFk4l2BPbAOsULVcA; sessionid=qn80bru50vcxk9r06tr9850w7v2de68x', 'Host': 'glacial-earth-31542.herokuapp.com', 'Cache-Control': 'max-age=0', 'Upgrade-Insecure-Requests': '1', 'Sec-Fetch-Dest': 'document', 'Sec-Fetch-Site': 'same-origin', 'Sec-Fetch-Mode': 'navigate', 'Sec-Fetch-User': '?1', 'Referer': 'https://glacial-earth-31542.herokuapp.com/api/postings/', 'Accept-Language': 'en-US,en;q=0.9,fi;q=0.8'} 
data=None 
json=None</msg>
<msg timestamp="20200325 10:16:33.831" level="INFO">${GET_RESPONSE} = &lt;Response [200]&gt;</msg>
<status status="PASS" starttime="20200325 10:16:33.650" endtime="20200325 10:16:33.832"></status>
</kw>
<kw name="Should Be Equal As Integers" library="BuiltIn">
<doc>Fails if objects are unequal after converting them to integers.</doc>
<arguments>
<arg>${GET_RESPONSE.status_code}</arg>
<arg>200</arg>
</arguments>
<msg timestamp="20200325 10:16:33.833" level="INFO">Argument types are:
&lt;class 'int'&gt;
&lt;type 'unicode'&gt;</msg>
<status status="PASS" starttime="20200325 10:16:33.832" endtime="20200325 10:16:33.834"></status>
</kw>
<kw name="Set Variable" library="BuiltIn">
<doc>Returns the given values which can then be assigned to a variables.</doc>
<arguments>
<arg>${GET_RESPONSE.json()}</arg>
</arguments>
<assign>
<var>@{registered_postings}</var>
</assign>
<msg timestamp="20200325 10:16:33.837" level="INFO">@{registered_postings} = [ {'url': 'https://glacial-earth-31542.herokuapp.com/api/postings/1/', 'id': 1, 'user': 1, 'title': 'My First Posting', 'content': "My First Blog's content", 'timestamp': '2019-12-18T17:06:54.373451+0...</msg>
<status status="PASS" starttime="20200325 10:16:33.835" endtime="20200325 10:16:33.837"></status>
</kw>
<kw name="Set Suite Variable" library="BuiltIn">
<doc>Makes a variable available everywhere within the scope of the current suite.</doc>
<arguments>
<arg>@{REGISTERED_POSTINGS}</arg>
<arg>@{registered_postings}</arg>
</arguments>
<msg timestamp="20200325 10:16:33.839" level="INFO">@{REGISTERED_POSTINGS} = [ {'url': 'https://glacial-earth-31542.herokuapp.com/api/postings/1/', 'id': 1, 'user': 1, 'title': 'My First Posting', 'content': "My First Blog's content", 'timestamp': '2019-12-18T17:06:54.373451+0...</msg>
<status status="PASS" starttime="20200325 10:16:33.838" endtime="20200325 10:16:33.840"></status>
</kw>
<status status="PASS" starttime="20200325 10:16:33.649" endtime="20200325 10:16:33.840"></status>
</kw>
<kw name="Is None Found" library="Utilities">
<arguments>
<arg>subset=${INCOMPLETE_TARGET_POSTINGS}</arg>
<arg>superset=${REGISTERED_POSTINGS}</arg>
</arguments>
<assign>
<var>${none_of_target_postings_found}</var>
</assign>
<msg timestamp="20200325 10:16:33.842" level="INFO">${none_of_target_postings_found} = True</msg>
<status status="PASS" starttime="20200325 10:16:33.841" endtime="20200325 10:16:33.842"></status>
</kw>
<kw name="Should Be True" library="BuiltIn">
<doc>Fails if the given condition is not true.</doc>
<arguments>
<arg>${none_of_target_postings_found}</arg>
</arguments>
<status status="PASS" starttime="20200325 10:16:33.842" endtime="20200325 10:16:33.843"></status>
</kw>
<status status="PASS" starttime="20200325 10:16:33.648" endtime="20200325 10:16:33.844"></status>
</kw>
<kw name="When &quot;Target Postings&quot; Are Created">
<kw name="${p} IN [ @{INCOMPLETE_TARGET_POSTINGS} ]" type="for">
<kw name="${p} = {'title': 'Posting 1', 'content': 'Posting 1 content'}" type="foritem">
<kw name="Create Posting">
<arguments>
<arg>posting=${p}</arg>
</arguments>
<kw name="Make Post Request" library="AdminUser">
<arguments>
<arg>posting=${posting}</arg>
</arguments>
<assign>
<var>${POST_RESPONSE}</var>
</assign>
<msg timestamp="20200325 10:16:33.851" level="INFO">POST Request using : uri=/api/postings/, params=None, files=None, allow_redirects=True, timeout=None
headers={'User-Agent': 'Mozilla/5.0 (X11; Linux x86_64) AppleWebKit/537.36 (KHTML, like Gecko) snap Chromium/80.0.3987.132 Chrome/80.0.3987.132 Safari/537.36', 'Accept-Encoding': 'gzip, deflate, br', 'Accept': 'text/html; q=1.0, */*', 'Connection': 'keep-alive', 'Host': 'glacial-earth-31542.herokuapp.com', 'Origin': 'https://glacial-earth-31542.herokuapp.com', 'Content-Type': 'application/json', 'Sec-Fetch-Dest': 'empty', 'X-Requested-With': 'XMLHttpRequest', 'X-CSRFTOKEN': '5cLs1tbLS7a3xEEbwKWq8NkcWu585U26OZi9Ce3h6p5edoM3fbpdpiqmynhUQwfW', 'Sec-Fetch-Site': 'same-origin', 'Sec-Fetch-Mode': 'cors', 'Referer': 'https://glacial-earth-31542.herokuapp.com/api/postings/', 'Accept-Language': 'en-US,en;q=0.9,fi;q=0.8', 'Cookie': 'tabstyle=raw-tab; csrftoken=PEGpUJxFm7n1HZhkWTByL6J1YVg80jZKyrd6vupbApicnJpcFk4l2BPbAOsULVcA; sessionid=qn80bru50vcxk9r06tr9850w7v2de68x'} 
data={"title": "Posting 1", "content": "Posting 1 content"} 
json=None</msg>
<msg timestamp="20200325 10:16:34.069" level="INFO">${POST_RESPONSE} = &lt;Response [201]&gt;</msg>
<status status="PASS" starttime="20200325 10:16:33.849" endtime="20200325 10:16:34.069"></status>
</kw>
<kw name="Set Test Variable" library="BuiltIn">
<doc>Makes a variable available everywhere within the scope of the current test.</doc>
<arguments>
<arg>${POST_RESPONSE}</arg>
</arguments>
<msg timestamp="20200325 10:16:34.071" level="INFO">${POST_RESPONSE} = &lt;Response [201]&gt;</msg>
<status status="PASS" starttime="20200325 10:16:34.070" endtime="20200325 10:16:34.071"></status>
</kw>
<status status="PASS" starttime="20200325 10:16:33.848" endtime="20200325 10:16:34.072"></status>
</kw>
<kw name="Verify Post Response Success Code">
<kw name="Should Be Equal As Integers" library="BuiltIn">
<doc>Fails if objects are unequal after converting them to integers.</doc>
<arguments>
<arg>${POST_RESPONSE.status_code}</arg>
<arg>201</arg>
</arguments>
<msg timestamp="20200325 10:16:34.075" level="INFO">Argument types are:
&lt;class 'int'&gt;
&lt;type 'unicode'&gt;</msg>
<status status="PASS" starttime="20200325 10:16:34.073" endtime="20200325 10:16:34.075"></status>
</kw>
<status status="PASS" starttime="20200325 10:16:34.072" endtime="20200325 10:16:34.076"></status>
</kw>
<status status="PASS" starttime="20200325 10:16:33.848" endtime="20200325 10:16:34.076"></status>
</kw>
<kw name="${p} = {'title': 'Posting 2', 'content': 'Posting 2 content'}" type="foritem">
<kw name="Create Posting">
<arguments>
<arg>posting=${p}</arg>
</arguments>
<kw name="Make Post Request" library="AdminUser">
<arguments>
<arg>posting=${posting}</arg>
</arguments>
<assign>
<var>${POST_RESPONSE}</var>
</assign>
<msg timestamp="20200325 10:16:34.081" level="INFO">POST Request using : uri=/api/postings/, params=None, files=None, allow_redirects=True, timeout=None
headers={'User-Agent': 'Mozilla/5.0 (X11; Linux x86_64) AppleWebKit/537.36 (KHTML, like Gecko) snap Chromium/80.0.3987.132 Chrome/80.0.3987.132 Safari/537.36', 'Accept-Encoding': 'gzip, deflate, br', 'Accept': 'text/html; q=1.0, */*', 'Connection': 'keep-alive', 'Host': 'glacial-earth-31542.herokuapp.com', 'Origin': 'https://glacial-earth-31542.herokuapp.com', 'Content-Type': 'application/json', 'Sec-Fetch-Dest': 'empty', 'X-Requested-With': 'XMLHttpRequest', 'X-CSRFTOKEN': '5cLs1tbLS7a3xEEbwKWq8NkcWu585U26OZi9Ce3h6p5edoM3fbpdpiqmynhUQwfW', 'Sec-Fetch-Site': 'same-origin', 'Sec-Fetch-Mode': 'cors', 'Referer': 'https://glacial-earth-31542.herokuapp.com/api/postings/', 'Accept-Language': 'en-US,en;q=0.9,fi;q=0.8', 'Cookie': 'tabstyle=raw-tab; csrftoken=PEGpUJxFm7n1HZhkWTByL6J1YVg80jZKyrd6vupbApicnJpcFk4l2BPbAOsULVcA; sessionid=qn80bru50vcxk9r06tr9850w7v2de68x'} 
data={"title": "Posting 2", "content": "Posting 2 content"} 
json=None</msg>
<msg timestamp="20200325 10:16:34.318" level="INFO">${POST_RESPONSE} = &lt;Response [201]&gt;</msg>
<status status="PASS" starttime="20200325 10:16:34.078" endtime="20200325 10:16:34.318"></status>
</kw>
<kw name="Set Test Variable" library="BuiltIn">
<doc>Makes a variable available everywhere within the scope of the current test.</doc>
<arguments>
<arg>${POST_RESPONSE}</arg>
</arguments>
<msg timestamp="20200325 10:16:34.322" level="INFO">${POST_RESPONSE} = &lt;Response [201]&gt;</msg>
<status status="PASS" starttime="20200325 10:16:34.320" endtime="20200325 10:16:34.322"></status>
</kw>
<status status="PASS" starttime="20200325 10:16:34.076" endtime="20200325 10:16:34.323"></status>
</kw>
<kw name="Verify Post Response Success Code">
<kw name="Should Be Equal As Integers" library="BuiltIn">
<doc>Fails if objects are unequal after converting them to integers.</doc>
<arguments>
<arg>${POST_RESPONSE.status_code}</arg>
<arg>201</arg>
</arguments>
<msg timestamp="20200325 10:16:34.326" level="INFO">Argument types are:
&lt;class 'int'&gt;
&lt;type 'unicode'&gt;</msg>
<status status="PASS" starttime="20200325 10:16:34.325" endtime="20200325 10:16:34.327"></status>
</kw>
<status status="PASS" starttime="20200325 10:16:34.324" endtime="20200325 10:16:34.328"></status>
</kw>
<status status="PASS" starttime="20200325 10:16:34.076" endtime="20200325 10:16:34.328"></status>
</kw>
<kw name="${p} = {'title': 'Posting 3', 'content': 'Posting 3 content'}" type="foritem">
<kw name="Create Posting">
<arguments>
<arg>posting=${p}</arg>
</arguments>
<kw name="Make Post Request" library="AdminUser">
<arguments>
<arg>posting=${posting}</arg>
</arguments>
<assign>
<var>${POST_RESPONSE}</var>
</assign>
<msg timestamp="20200325 10:16:34.331" level="INFO">POST Request using : uri=/api/postings/, params=None, files=None, allow_redirects=True, timeout=None
headers={'User-Agent': 'Mozilla/5.0 (X11; Linux x86_64) AppleWebKit/537.36 (KHTML, like Gecko) snap Chromium/80.0.3987.132 Chrome/80.0.3987.132 Safari/537.36', 'Accept-Encoding': 'gzip, deflate, br', 'Accept': 'text/html; q=1.0, */*', 'Connection': 'keep-alive', 'Host': 'glacial-earth-31542.herokuapp.com', 'Origin': 'https://glacial-earth-31542.herokuapp.com', 'Content-Type': 'application/json', 'Sec-Fetch-Dest': 'empty', 'X-Requested-With': 'XMLHttpRequest', 'X-CSRFTOKEN': '5cLs1tbLS7a3xEEbwKWq8NkcWu585U26OZi9Ce3h6p5edoM3fbpdpiqmynhUQwfW', 'Sec-Fetch-Site': 'same-origin', 'Sec-Fetch-Mode': 'cors', 'Referer': 'https://glacial-earth-31542.herokuapp.com/api/postings/', 'Accept-Language': 'en-US,en;q=0.9,fi;q=0.8', 'Cookie': 'tabstyle=raw-tab; csrftoken=PEGpUJxFm7n1HZhkWTByL6J1YVg80jZKyrd6vupbApicnJpcFk4l2BPbAOsULVcA; sessionid=qn80bru50vcxk9r06tr9850w7v2de68x'} 
data={"title": "Posting 3", "content": "Posting 3 content"} 
json=None</msg>
<msg timestamp="20200325 10:16:34.654" level="INFO">${POST_RESPONSE} = &lt;Response [201]&gt;</msg>
<status status="PASS" starttime="20200325 10:16:34.330" endtime="20200325 10:16:34.654"></status>
</kw>
<kw name="Set Test Variable" library="BuiltIn">
<doc>Makes a variable available everywhere within the scope of the current test.</doc>
<arguments>
<arg>${POST_RESPONSE}</arg>
</arguments>
<msg timestamp="20200325 10:16:34.657" level="INFO">${POST_RESPONSE} = &lt;Response [201]&gt;</msg>
<status status="PASS" starttime="20200325 10:16:34.656" endtime="20200325 10:16:34.658"></status>
</kw>
<status status="PASS" starttime="20200325 10:16:34.328" endtime="20200325 10:16:34.658"></status>
</kw>
<kw name="Verify Post Response Success Code">
<kw name="Should Be Equal As Integers" library="BuiltIn">
<doc>Fails if objects are unequal after converting them to integers.</doc>
<arguments>
<arg>${POST_RESPONSE.status_code}</arg>
<arg>201</arg>
</arguments>
<msg timestamp="20200325 10:16:34.661" level="INFO">Argument types are:
&lt;class 'int'&gt;
&lt;type 'unicode'&gt;</msg>
<status status="PASS" starttime="20200325 10:16:34.660" endtime="20200325 10:16:34.661"></status>
</kw>
<status status="PASS" starttime="20200325 10:16:34.658" endtime="20200325 10:16:34.661"></status>
</kw>
<status status="PASS" starttime="20200325 10:16:34.328" endtime="20200325 10:16:34.662"></status>
</kw>
<status status="PASS" starttime="20200325 10:16:33.847" endtime="20200325 10:16:34.662"></status>
</kw>
<status status="PASS" starttime="20200325 10:16:33.845" endtime="20200325 10:16:34.662"></status>
</kw>
<kw name="Then &quot;Registered Postings&quot; Are Read">
<kw name="Make Get Request" library="AdminUser">
<assign>
<var>${GET_RESPONSE}</var>
</assign>
<msg timestamp="20200325 10:16:34.665" level="INFO">GET Request using : uri=/api/postings/, params=None, allow_redirects=True, timeout=None
headers={'User-Agent': 'Mozilla/5.0 (X11; Linux x86_64) AppleWebKit/537.36 (KHTML, like Gecko) snap Chromium/80.0.3987.132 Chrome/80.0.3987.132 Safari/537.36', 'Accept-Encoding': 'gzip, deflate, br', 'Accept': 'application/json', 'Connection': 'keep-alive', 'Cookie': 'tabstyle=raw-tab; csrftoken=PEGpUJxFm7n1HZhkWTByL6J1YVg80jZKyrd6vupbApicnJpcFk4l2BPbAOsULVcA; sessionid=qn80bru50vcxk9r06tr9850w7v2de68x', 'Host': 'glacial-earth-31542.herokuapp.com', 'Cache-Control': 'max-age=0', 'Upgrade-Insecure-Requests': '1', 'Sec-Fetch-Dest': 'document', 'Sec-Fetch-Site': 'same-origin', 'Sec-Fetch-Mode': 'navigate', 'Sec-Fetch-User': '?1', 'Referer': 'https://glacial-earth-31542.herokuapp.com/api/postings/', 'Accept-Language': 'en-US,en;q=0.9,fi;q=0.8'} 
data=None 
json=None</msg>
<msg timestamp="20200325 10:16:34.858" level="INFO">${GET_RESPONSE} = &lt;Response [200]&gt;</msg>
<status status="PASS" starttime="20200325 10:16:34.664" endtime="20200325 10:16:34.858"></status>
</kw>
<kw name="Should Be Equal As Integers" library="BuiltIn">
<doc>Fails if objects are unequal after converting them to integers.</doc>
<arguments>
<arg>${GET_RESPONSE.status_code}</arg>
<arg>200</arg>
</arguments>
<msg timestamp="20200325 10:16:34.860" level="INFO">Argument types are:
&lt;class 'int'&gt;
&lt;type 'unicode'&gt;</msg>
<status status="PASS" starttime="20200325 10:16:34.858" endtime="20200325 10:16:34.860"></status>
</kw>
<kw name="Set Variable" library="BuiltIn">
<doc>Returns the given values which can then be assigned to a variables.</doc>
<arguments>
<arg>${GET_RESPONSE.json()}</arg>
</arguments>
<assign>
<var>@{registered_postings}</var>
</assign>
<msg timestamp="20200325 10:16:34.862" level="INFO">@{registered_postings} = [ {'url': 'https://glacial-earth-31542.herokuapp.com/api/postings/1/', 'id': 1, 'user': 1, 'title': 'My First Posting', 'content': "My First Blog's content", 'timestamp': '2019-12-18T17:06:54.373451+0...</msg>
<status status="PASS" starttime="20200325 10:16:34.861" endtime="20200325 10:16:34.862"></status>
</kw>
<kw name="Set Suite Variable" library="BuiltIn">
<doc>Makes a variable available everywhere within the scope of the current suite.</doc>
<arguments>
<arg>@{REGISTERED_POSTINGS}</arg>
<arg>@{registered_postings}</arg>
</arguments>
<msg timestamp="20200325 10:16:34.865" level="INFO">@{REGISTERED_POSTINGS} = [ {'url': 'https://glacial-earth-31542.herokuapp.com/api/postings/1/', 'id': 1, 'user': 1, 'title': 'My First Posting', 'content': "My First Blog's content", 'timestamp': '2019-12-18T17:06:54.373451+0...</msg>
<status status="PASS" starttime="20200325 10:16:34.863" endtime="20200325 10:16:34.865"></status>
</kw>
<status status="PASS" starttime="20200325 10:16:34.663" endtime="20200325 10:16:34.865"></status>
</kw>
<kw name="Then &quot;Registered Postings&quot; Must Comply With &quot;Posting Spec&quot;" library="CommonResource">
<kw name="Verify All Postings" library="Utilities">
<doc>:param postings_to_verify: a list of postings, where each posting needs to be verified against posting_spec
:param posting_spec: a dict containing keys, which map to posting fields
:return: None</doc>
<arguments>
<arg>postings_to_verify=${REGISTERED_POSTINGS}</arg>
<arg>posting_spec=${POSTING_SPEC}</arg>
</arguments>
<status status="PASS" starttime="20200325 10:16:34.868" endtime="20200325 10:16:34.871"></status>
</kw>
<status status="PASS" starttime="20200325 10:16:34.866" endtime="20200325 10:16:34.871"></status>
</kw>
<kw name="Then &quot;Target Postings&quot; Are Read" library="CommonResource">
<kw name="&quot;Registered Postings&quot; Are Read">
<kw name="Make Get Request" library="AdminUser">
<assign>
<var>${GET_RESPONSE}</var>
</assign>
<msg timestamp="20200325 10:16:34.875" level="INFO">GET Request using : uri=/api/postings/, params=None, allow_redirects=True, timeout=None
headers={'User-Agent': 'Mozilla/5.0 (X11; Linux x86_64) AppleWebKit/537.36 (KHTML, like Gecko) snap Chromium/80.0.3987.132 Chrome/80.0.3987.132 Safari/537.36', 'Accept-Encoding': 'gzip, deflate, br', 'Accept': 'application/json', 'Connection': 'keep-alive', 'Cookie': 'tabstyle=raw-tab; csrftoken=PEGpUJxFm7n1HZhkWTByL6J1YVg80jZKyrd6vupbApicnJpcFk4l2BPbAOsULVcA; sessionid=qn80bru50vcxk9r06tr9850w7v2de68x', 'Host': 'glacial-earth-31542.herokuapp.com', 'Cache-Control': 'max-age=0', 'Upgrade-Insecure-Requests': '1', 'Sec-Fetch-Dest': 'document', 'Sec-Fetch-Site': 'same-origin', 'Sec-Fetch-Mode': 'navigate', 'Sec-Fetch-User': '?1', 'Referer': 'https://glacial-earth-31542.herokuapp.com/api/postings/', 'Accept-Language': 'en-US,en;q=0.9,fi;q=0.8'} 
data=None 
json=None</msg>
<msg timestamp="20200325 10:16:35.163" level="INFO">${GET_RESPONSE} = &lt;Response [200]&gt;</msg>
<status status="PASS" starttime="20200325 10:16:34.874" endtime="20200325 10:16:35.163"></status>
</kw>
<kw name="Should Be Equal As Integers" library="BuiltIn">
<doc>Fails if objects are unequal after converting them to integers.</doc>
<arguments>
<arg>${GET_RESPONSE.status_code}</arg>
<arg>200</arg>
</arguments>
<msg timestamp="20200325 10:16:35.165" level="INFO">Argument types are:
&lt;class 'int'&gt;
&lt;type 'unicode'&gt;</msg>
<status status="PASS" starttime="20200325 10:16:35.164" endtime="20200325 10:16:35.165"></status>
</kw>
<kw name="Set Variable" library="BuiltIn">
<doc>Returns the given values which can then be assigned to a variables.</doc>
<arguments>
<arg>${GET_RESPONSE.json()}</arg>
</arguments>
<assign>
<var>@{registered_postings}</var>
</assign>
<msg timestamp="20200325 10:16:35.167" level="INFO">@{registered_postings} = [ {'url': 'https://glacial-earth-31542.herokuapp.com/api/postings/1/', 'id': 1, 'user': 1, 'title': 'My First Posting', 'content': "My First Blog's content", 'timestamp': '2019-12-18T17:06:54.373451+0...</msg>
<status status="PASS" starttime="20200325 10:16:35.166" endtime="20200325 10:16:35.168"></status>
</kw>
<kw name="Set Suite Variable" library="BuiltIn">
<doc>Makes a variable available everywhere within the scope of the current suite.</doc>
<arguments>
<arg>@{REGISTERED_POSTINGS}</arg>
<arg>@{registered_postings}</arg>
</arguments>
<msg timestamp="20200325 10:16:35.170" level="INFO">@{REGISTERED_POSTINGS} = [ {'url': 'https://glacial-earth-31542.herokuapp.com/api/postings/1/', 'id': 1, 'user': 1, 'title': 'My First Posting', 'content': "My First Blog's content", 'timestamp': '2019-12-18T17:06:54.373451+0...</msg>
<status status="PASS" starttime="20200325 10:16:35.168" endtime="20200325 10:16:35.170"></status>
</kw>
<status status="PASS" starttime="20200325 10:16:34.873" endtime="20200325 10:16:35.171"></status>
</kw>
<kw name="Get Subset" library="Utilities">
<arguments>
<arg>subset=${INCOMPLETE_TARGET_POSTINGS}</arg>
<arg>superset=${REGISTERED_POSTINGS}</arg>
</arguments>
<assign>
<var>@{target_postings}</var>
</assign>
<msg timestamp="20200325 10:16:35.173" level="INFO">@{target_postings} = [ {'url': 'https://glacial-earth-31542.herokuapp.com/api/postings/1965/', 'id': 1965, 'user': 1, 'title': 'Posting 1', 'content': 'Posting 1 content', 'timestamp': '2020-03-25T10:16:33.906217+02:00'} ...</msg>
<status status="PASS" starttime="20200325 10:16:35.171" endtime="20200325 10:16:35.173"></status>
</kw>
<kw name="Set Suite Variable" library="BuiltIn">
<doc>Makes a variable available everywhere within the scope of the current suite.</doc>
<arguments>
<arg>@{TARGET_POSTINGS}</arg>
<arg>@{target_postings}</arg>
</arguments>
<msg timestamp="20200325 10:16:35.176" level="INFO">@{TARGET_POSTINGS} = [ {'url': 'https://glacial-earth-31542.herokuapp.com/api/postings/1965/', 'id': 1965, 'user': 1, 'title': 'Posting 1', 'content': 'Posting 1 content', 'timestamp': '2020-03-25T10:16:33.906217+02:00'} ...</msg>
<status status="PASS" starttime="20200325 10:16:35.174" endtime="20200325 10:16:35.176"></status>
</kw>
<status status="PASS" starttime="20200325 10:16:34.872" endtime="20200325 10:16:35.177"></status>
</kw>
<kw name="Then &quot;Target Postings&quot; Must Be Registered In The System" library="CommonResource">
<kw name="&quot;Target Postings&quot; List Is Not Empty">
<kw name="Evaluate" library="BuiltIn">
<doc>Evaluates the given expression in Python and returns the results.</doc>
<arguments>
<arg>len($TARGET_POSTINGS) == 0</arg>
</arguments>
<assign>
<var>${is_empty}</var>
</assign>
<msg timestamp="20200325 10:16:35.186" level="INFO">${is_empty} = False</msg>
<status status="PASS" starttime="20200325 10:16:35.182" endtime="20200325 10:16:35.186"></status>
</kw>
<kw name="Should Not Be True" library="BuiltIn">
<doc>Fails if the given condition is true.</doc>
<arguments>
<arg>${is_empty}</arg>
</arguments>
<status status="PASS" starttime="20200325 10:16:35.187" endtime="20200325 10:16:35.195"></status>
</kw>
<status status="PASS" starttime="20200325 10:16:35.181" endtime="20200325 10:16:35.195"></status>
</kw>
<kw name="Is Subset" library="Utilities">
<arguments>
<arg>subset=${TARGET_POSTINGS}</arg>
<arg>superset=${INCOMPLETE_TARGET_POSTINGS}</arg>
</arguments>
<assign>
<var>${is_subset}</var>
</assign>
<msg timestamp="20200325 10:16:35.198" level="INFO">${is_subset} = True</msg>
<status status="PASS" starttime="20200325 10:16:35.196" endtime="20200325 10:16:35.198"></status>
</kw>
<kw name="Should Be True" library="BuiltIn">
<doc>Fails if the given condition is not true.</doc>
<arguments>
<arg>${is_subset}</arg>
</arguments>
<status status="PASS" starttime="20200325 10:16:35.198" endtime="20200325 10:16:35.199"></status>
</kw>
<status status="PASS" starttime="20200325 10:16:35.179" endtime="20200325 10:16:35.204"></status>
</kw>
<kw name="Test Teardown" type="teardown">
<kw name="Delete Every Posting Except &quot;Pre-Set Postings&quot;">
<kw name="&quot;Registered Postings&quot; Are Read">
<kw name="Make Get Request" library="AdminUser">
<assign>
<var>${GET_RESPONSE}</var>
</assign>
<msg timestamp="20200325 10:16:35.210" level="INFO">GET Request using : uri=/api/postings/, params=None, allow_redirects=True, timeout=None
headers={'User-Agent': 'Mozilla/5.0 (X11; Linux x86_64) AppleWebKit/537.36 (KHTML, like Gecko) snap Chromium/80.0.3987.132 Chrome/80.0.3987.132 Safari/537.36', 'Accept-Encoding': 'gzip, deflate, br', 'Accept': 'application/json', 'Connection': 'keep-alive', 'Cookie': 'tabstyle=raw-tab; csrftoken=PEGpUJxFm7n1HZhkWTByL6J1YVg80jZKyrd6vupbApicnJpcFk4l2BPbAOsULVcA; sessionid=qn80bru50vcxk9r06tr9850w7v2de68x', 'Host': 'glacial-earth-31542.herokuapp.com', 'Cache-Control': 'max-age=0', 'Upgrade-Insecure-Requests': '1', 'Sec-Fetch-Dest': 'document', 'Sec-Fetch-Site': 'same-origin', 'Sec-Fetch-Mode': 'navigate', 'Sec-Fetch-User': '?1', 'Referer': 'https://glacial-earth-31542.herokuapp.com/api/postings/', 'Accept-Language': 'en-US,en;q=0.9,fi;q=0.8'} 
data=None 
json=None</msg>
<msg timestamp="20200325 10:16:35.470" level="INFO">${GET_RESPONSE} = &lt;Response [200]&gt;</msg>
<status status="PASS" starttime="20200325 10:16:35.209" endtime="20200325 10:16:35.470"></status>
</kw>
<kw name="Should Be Equal As Integers" library="BuiltIn">
<doc>Fails if objects are unequal after converting them to integers.</doc>
<arguments>
<arg>${GET_RESPONSE.status_code}</arg>
<arg>200</arg>
</arguments>
<msg timestamp="20200325 10:16:35.473" level="INFO">Argument types are:
&lt;class 'int'&gt;
&lt;type 'unicode'&gt;</msg>
<status status="PASS" starttime="20200325 10:16:35.471" endtime="20200325 10:16:35.474"></status>
</kw>
<kw name="Set Variable" library="BuiltIn">
<doc>Returns the given values which can then be assigned to a variables.</doc>
<arguments>
<arg>${GET_RESPONSE.json()}</arg>
</arguments>
<assign>
<var>@{registered_postings}</var>
</assign>
<msg timestamp="20200325 10:16:35.476" level="INFO">@{registered_postings} = [ {'url': 'https://glacial-earth-31542.herokuapp.com/api/postings/1/', 'id': 1, 'user': 1, 'title': 'My First Posting', 'content': "My First Blog's content", 'timestamp': '2019-12-18T17:06:54.373451+0...</msg>
<status status="PASS" starttime="20200325 10:16:35.474" endtime="20200325 10:16:35.476"></status>
</kw>
<kw name="Set Suite Variable" library="BuiltIn">
<doc>Makes a variable available everywhere within the scope of the current suite.</doc>
<arguments>
<arg>@{REGISTERED_POSTINGS}</arg>
<arg>@{registered_postings}</arg>
</arguments>
<msg timestamp="20200325 10:16:35.478" level="INFO">@{REGISTERED_POSTINGS} = [ {'url': 'https://glacial-earth-31542.herokuapp.com/api/postings/1/', 'id': 1, 'user': 1, 'title': 'My First Posting', 'content': "My First Blog's content", 'timestamp': '2019-12-18T17:06:54.373451+0...</msg>
<status status="PASS" starttime="20200325 10:16:35.477" endtime="20200325 10:16:35.479"></status>
</kw>
<status status="PASS" starttime="20200325 10:16:35.208" endtime="20200325 10:16:35.479"></status>
</kw>
<kw name="Delete Postings" library="Utilities">
<arguments>
<arg>candidate_postings_to_delete=${REGISTERED_POSTINGS}</arg>
<arg>postings_to_skip=${PRE_SET_POSTINGS}</arg>
</arguments>
<kw name="Make Delete Request" library="AdminUser">
<arguments>
<arg>{'url': 'https://glacial-earth-31542.herokuapp.com/api/postings/1965/', 'id': 1965, 'user': 1, 'title': 'Posting 1', 'content': 'Posting 1 content', 'timestamp': '2020-03-25T10:16:33.906217+02:00'}</arg>
</arguments>
<msg timestamp="20200325 10:16:35.485" level="INFO">DELETE Request using : uri=/api/postings/1965/, params=None, allow_redirects=True, timeout=None
headers={'User-Agent': 'Mozilla/5.0 (X11; Linux x86_64) AppleWebKit/537.36 (KHTML, like Gecko) snap Chromium/80.0.3987.132 Chrome/80.0.3987.132 Safari/537.36', 'Accept-Encoding': 'gzip, deflate, br', 'Accept': 'text/html; q=1.0, */*', 'Connection': 'keep-alive', 'Host': 'glacial-earth-31542.herokuapp.com', 'Origin': 'https://glacial-earth-31542.herokuapp.com', 'Content-Type': 'application/x-www-form-urlencoded; charset=UTF-8', 'Sec-Fetch-Dest': 'empty', 'X-Requested-With': 'XMLHttpRequest', 'X-CSRFTOKEN': '5cLs1tbLS7a3xEEbwKWq8NkcWu585U26OZi9Ce3h6p5edoM3fbpdpiqmynhUQwfW', 'Sec-Fetch-Site': 'same-origin', 'Sec-Fetch-Mode': 'cors', 'Referer': 'https://glacial-earth-31542.herokuapp.com/api/postings/1965/', 'Accept-Language': 'en-US,en;q=0.9,fi;q=0.8', 'Cookie': 'tabstyle=raw-tab; csrftoken=PEGpUJxFm7n1HZhkWTByL6J1YVg80jZKyrd6vupbApicnJpcFk4l2BPbAOsULVcA; sessionid=qn80bru50vcxk9r06tr9850w7v2de68x'} 
data=url=https%3A%2F%2Fglacial-earth-31542.herokuapp.com%2Fapi%2Fpostings%2F1965%2F&amp;id=1965&amp;user=1&amp;title=Posting+1&amp;content=Posting+1+content&amp;timestamp=2020-03-25T10%3A16%3A33.906217%2B02%3A00 
json=None</msg>
<status status="PASS" starttime="20200325 10:16:35.482" endtime="20200325 10:16:35.732"></status>
</kw>
<kw name="Make Delete Request" library="AdminUser">
<arguments>
<arg>{'url': 'https://glacial-earth-31542.herokuapp.com/api/postings/1966/', 'id': 1966, 'user': 1, 'title': 'Posting 2', 'content': 'Posting 2 content', 'timestamp': '2020-03-25T10:16:34.126088+02:00'}</arg>
</arguments>
<msg timestamp="20200325 10:16:35.735" level="INFO">DELETE Request using : uri=/api/postings/1966/, params=None, allow_redirects=True, timeout=None
headers={'User-Agent': 'Mozilla/5.0 (X11; Linux x86_64) AppleWebKit/537.36 (KHTML, like Gecko) snap Chromium/80.0.3987.132 Chrome/80.0.3987.132 Safari/537.36', 'Accept-Encoding': 'gzip, deflate, br', 'Accept': 'text/html; q=1.0, */*', 'Connection': 'keep-alive', 'Host': 'glacial-earth-31542.herokuapp.com', 'Origin': 'https://glacial-earth-31542.herokuapp.com', 'Content-Type': 'application/x-www-form-urlencoded; charset=UTF-8', 'Sec-Fetch-Dest': 'empty', 'X-Requested-With': 'XMLHttpRequest', 'X-CSRFTOKEN': '5cLs1tbLS7a3xEEbwKWq8NkcWu585U26OZi9Ce3h6p5edoM3fbpdpiqmynhUQwfW', 'Sec-Fetch-Site': 'same-origin', 'Sec-Fetch-Mode': 'cors', 'Referer': 'https://glacial-earth-31542.herokuapp.com/api/postings/1966/', 'Accept-Language': 'en-US,en;q=0.9,fi;q=0.8', 'Cookie': 'tabstyle=raw-tab; csrftoken=PEGpUJxFm7n1HZhkWTByL6J1YVg80jZKyrd6vupbApicnJpcFk4l2BPbAOsULVcA; sessionid=qn80bru50vcxk9r06tr9850w7v2de68x'} 
data=url=https%3A%2F%2Fglacial-earth-31542.herokuapp.com%2Fapi%2Fpostings%2F1966%2F&amp;id=1966&amp;user=1&amp;title=Posting+2&amp;content=Posting+2+content&amp;timestamp=2020-03-25T10%3A16%3A34.126088%2B02%3A00 
json=None</msg>
<status status="PASS" starttime="20200325 10:16:35.733" endtime="20200325 10:16:35.940"></status>
</kw>
<kw name="Make Delete Request" library="AdminUser">
<arguments>
<arg>{'url': 'https://glacial-earth-31542.herokuapp.com/api/postings/1967/', 'id': 1967, 'user': 1, 'title': 'Posting 3', 'content': 'Posting 3 content', 'timestamp': '2020-03-25T10:16:34.384367+02:00'}</arg>
</arguments>
<msg timestamp="20200325 10:16:35.942" level="INFO">DELETE Request using : uri=/api/postings/1967/, params=None, allow_redirects=True, timeout=None
headers={'User-Agent': 'Mozilla/5.0 (X11; Linux x86_64) AppleWebKit/537.36 (KHTML, like Gecko) snap Chromium/80.0.3987.132 Chrome/80.0.3987.132 Safari/537.36', 'Accept-Encoding': 'gzip, deflate, br', 'Accept': 'text/html; q=1.0, */*', 'Connection': 'keep-alive', 'Host': 'glacial-earth-31542.herokuapp.com', 'Origin': 'https://glacial-earth-31542.herokuapp.com', 'Content-Type': 'application/x-www-form-urlencoded; charset=UTF-8', 'Sec-Fetch-Dest': 'empty', 'X-Requested-With': 'XMLHttpRequest', 'X-CSRFTOKEN': '5cLs1tbLS7a3xEEbwKWq8NkcWu585U26OZi9Ce3h6p5edoM3fbpdpiqmynhUQwfW', 'Sec-Fetch-Site': 'same-origin', 'Sec-Fetch-Mode': 'cors', 'Referer': 'https://glacial-earth-31542.herokuapp.com/api/postings/1967/', 'Accept-Language': 'en-US,en;q=0.9,fi;q=0.8', 'Cookie': 'tabstyle=raw-tab; csrftoken=PEGpUJxFm7n1HZhkWTByL6J1YVg80jZKyrd6vupbApicnJpcFk4l2BPbAOsULVcA; sessionid=qn80bru50vcxk9r06tr9850w7v2de68x'} 
data=url=https%3A%2F%2Fglacial-earth-31542.herokuapp.com%2Fapi%2Fpostings%2F1967%2F&amp;id=1967&amp;user=1&amp;title=Posting+3&amp;content=Posting+3+content&amp;timestamp=2020-03-25T10%3A16%3A34.384367%2B02%3A00 
json=None</msg>
<status status="PASS" starttime="20200325 10:16:35.940" endtime="20200325 10:16:36.195"></status>
</kw>
<status status="PASS" starttime="20200325 10:16:35.480" endtime="20200325 10:16:36.195"></status>
</kw>
<status status="PASS" starttime="20200325 10:16:35.207" endtime="20200325 10:16:36.196"></status>
</kw>
<kw name="&quot;Registered Postings&quot; Are Read">
<kw name="Make Get Request" library="AdminUser">
<assign>
<var>${GET_RESPONSE}</var>
</assign>
<msg timestamp="20200325 10:16:36.204" level="INFO">GET Request using : uri=/api/postings/, params=None, allow_redirects=True, timeout=None
headers={'User-Agent': 'Mozilla/5.0 (X11; Linux x86_64) AppleWebKit/537.36 (KHTML, like Gecko) snap Chromium/80.0.3987.132 Chrome/80.0.3987.132 Safari/537.36', 'Accept-Encoding': 'gzip, deflate, br', 'Accept': 'application/json', 'Connection': 'keep-alive', 'Cookie': 'tabstyle=raw-tab; csrftoken=PEGpUJxFm7n1HZhkWTByL6J1YVg80jZKyrd6vupbApicnJpcFk4l2BPbAOsULVcA; sessionid=qn80bru50vcxk9r06tr9850w7v2de68x', 'Host': 'glacial-earth-31542.herokuapp.com', 'Cache-Control': 'max-age=0', 'Upgrade-Insecure-Requests': '1', 'Sec-Fetch-Dest': 'document', 'Sec-Fetch-Site': 'same-origin', 'Sec-Fetch-Mode': 'navigate', 'Sec-Fetch-User': '?1', 'Referer': 'https://glacial-earth-31542.herokuapp.com/api/postings/', 'Accept-Language': 'en-US,en;q=0.9,fi;q=0.8'} 
data=None 
json=None</msg>
<msg timestamp="20200325 10:16:36.362" level="INFO">${GET_RESPONSE} = &lt;Response [200]&gt;</msg>
<status status="PASS" starttime="20200325 10:16:36.203" endtime="20200325 10:16:36.363"></status>
</kw>
<kw name="Should Be Equal As Integers" library="BuiltIn">
<doc>Fails if objects are unequal after converting them to integers.</doc>
<arguments>
<arg>${GET_RESPONSE.status_code}</arg>
<arg>200</arg>
</arguments>
<msg timestamp="20200325 10:16:36.365" level="INFO">Argument types are:
&lt;class 'int'&gt;
&lt;type 'unicode'&gt;</msg>
<status status="PASS" starttime="20200325 10:16:36.363" endtime="20200325 10:16:36.365"></status>
</kw>
<kw name="Set Variable" library="BuiltIn">
<doc>Returns the given values which can then be assigned to a variables.</doc>
<arguments>
<arg>${GET_RESPONSE.json()}</arg>
</arguments>
<assign>
<var>@{registered_postings}</var>
</assign>
<msg timestamp="20200325 10:16:36.367" level="INFO">@{registered_postings} = [ {'url': 'https://glacial-earth-31542.herokuapp.com/api/postings/1/', 'id': 1, 'user': 1, 'title': 'My First Posting', 'content': "My First Blog's content", 'timestamp': '2019-12-18T17:06:54.373451+0...</msg>
<status status="PASS" starttime="20200325 10:16:36.365" endtime="20200325 10:16:36.367"></status>
</kw>
<kw name="Set Suite Variable" library="BuiltIn">
<doc>Makes a variable available everywhere within the scope of the current suite.</doc>
<arguments>
<arg>@{REGISTERED_POSTINGS}</arg>
<arg>@{registered_postings}</arg>
</arguments>
<msg timestamp="20200325 10:16:36.369" level="INFO">@{REGISTERED_POSTINGS} = [ {'url': 'https://glacial-earth-31542.herokuapp.com/api/postings/1/', 'id': 1, 'user': 1, 'title': 'My First Posting', 'content': "My First Blog's content", 'timestamp': '2019-12-18T17:06:54.373451+0...</msg>
<status status="PASS" starttime="20200325 10:16:36.368" endtime="20200325 10:16:36.370"></status>
</kw>
<status status="PASS" starttime="20200325 10:16:36.201" endtime="20200325 10:16:36.370"></status>
</kw>
<kw name="Only &quot;Pre-Set Postings&quot; Are Left In The System">
<kw name="Should Be True" library="BuiltIn">
<doc>Fails if the given condition is not true.</doc>
<arguments>
<arg>$REGISTERED_POSTINGS == $PRE_SET_POSTINGS</arg>
</arguments>
<status status="PASS" starttime="20200325 10:16:36.372" endtime="20200325 10:16:36.376"></status>
</kw>
<status status="PASS" starttime="20200325 10:16:36.370" endtime="20200325 10:16:36.377"></status>
</kw>
<kw name="Set Suite Variable" library="BuiltIn">
<doc>Makes a variable available everywhere within the scope of the current suite.</doc>
<arguments>
<arg>${RANDOM_TARGET_POSTING}</arg>
<arg>${None}</arg>
</arguments>
<msg timestamp="20200325 10:16:36.379" level="INFO">${RANDOM_TARGET_POSTING} = None</msg>
<status status="PASS" starttime="20200325 10:16:36.377" endtime="20200325 10:16:36.379"></status>
</kw>
<status status="PASS" starttime="20200325 10:16:35.205" endtime="20200325 10:16:36.379"></status>
</kw>
<tags>
<tag>CRUD-operations-as-admin</tag>
<tag>CRUD-success-as-admin</tag>
</tags>
<status status="PASS" starttime="20200325 10:16:33.340" endtime="20200325 10:16:36.380" critical="yes"></status>
</test>
<test id="s1-s1-t4" name="Updating &quot;Target Postings&quot;">
<kw name="Test Setup" type="setup">
<kw name="&quot;Pre-Set Postings&quot; Are Cached">
<kw name="&quot;Registered Postings&quot; Are Read">
<kw name="Make Get Request" library="AdminUser">
<assign>
<var>${GET_RESPONSE}</var>
</assign>
<msg timestamp="20200325 10:16:36.389" level="INFO">GET Request using : uri=/api/postings/, params=None, allow_redirects=True, timeout=None
headers={'User-Agent': 'Mozilla/5.0 (X11; Linux x86_64) AppleWebKit/537.36 (KHTML, like Gecko) snap Chromium/80.0.3987.132 Chrome/80.0.3987.132 Safari/537.36', 'Accept-Encoding': 'gzip, deflate, br', 'Accept': 'application/json', 'Connection': 'keep-alive', 'Cookie': 'tabstyle=raw-tab; csrftoken=PEGpUJxFm7n1HZhkWTByL6J1YVg80jZKyrd6vupbApicnJpcFk4l2BPbAOsULVcA; sessionid=qn80bru50vcxk9r06tr9850w7v2de68x', 'Host': 'glacial-earth-31542.herokuapp.com', 'Cache-Control': 'max-age=0', 'Upgrade-Insecure-Requests': '1', 'Sec-Fetch-Dest': 'document', 'Sec-Fetch-Site': 'same-origin', 'Sec-Fetch-Mode': 'navigate', 'Sec-Fetch-User': '?1', 'Referer': 'https://glacial-earth-31542.herokuapp.com/api/postings/', 'Accept-Language': 'en-US,en;q=0.9,fi;q=0.8'} 
data=None 
json=None</msg>
<msg timestamp="20200325 10:16:36.601" level="INFO">${GET_RESPONSE} = &lt;Response [200]&gt;</msg>
<status status="PASS" starttime="20200325 10:16:36.388" endtime="20200325 10:16:36.601"></status>
</kw>
<kw name="Should Be Equal As Integers" library="BuiltIn">
<doc>Fails if objects are unequal after converting them to integers.</doc>
<arguments>
<arg>${GET_RESPONSE.status_code}</arg>
<arg>200</arg>
</arguments>
<msg timestamp="20200325 10:16:36.607" level="INFO">Argument types are:
&lt;class 'int'&gt;
&lt;type 'unicode'&gt;</msg>
<status status="PASS" starttime="20200325 10:16:36.602" endtime="20200325 10:16:36.608"></status>
</kw>
<kw name="Set Variable" library="BuiltIn">
<doc>Returns the given values which can then be assigned to a variables.</doc>
<arguments>
<arg>${GET_RESPONSE.json()}</arg>
</arguments>
<assign>
<var>@{registered_postings}</var>
</assign>
<msg timestamp="20200325 10:16:36.610" level="INFO">@{registered_postings} = [ {'url': 'https://glacial-earth-31542.herokuapp.com/api/postings/1/', 'id': 1, 'user': 1, 'title': 'My First Posting', 'content': "My First Blog's content", 'timestamp': '2019-12-18T17:06:54.373451+0...</msg>
<status status="PASS" starttime="20200325 10:16:36.608" endtime="20200325 10:16:36.610"></status>
</kw>
<kw name="Set Suite Variable" library="BuiltIn">
<doc>Makes a variable available everywhere within the scope of the current suite.</doc>
<arguments>
<arg>@{REGISTERED_POSTINGS}</arg>
<arg>@{registered_postings}</arg>
</arguments>
<msg timestamp="20200325 10:16:36.613" level="INFO">@{REGISTERED_POSTINGS} = [ {'url': 'https://glacial-earth-31542.herokuapp.com/api/postings/1/', 'id': 1, 'user': 1, 'title': 'My First Posting', 'content': "My First Blog's content", 'timestamp': '2019-12-18T17:06:54.373451+0...</msg>
<status status="PASS" starttime="20200325 10:16:36.611" endtime="20200325 10:16:36.614"></status>
</kw>
<status status="PASS" starttime="20200325 10:16:36.386" endtime="20200325 10:16:36.614"></status>
</kw>
<kw name="Set Suite Variable" library="BuiltIn">
<doc>Makes a variable available everywhere within the scope of the current suite.</doc>
<arguments>
<arg>@{PRE_SET_POSTINGS}</arg>
<arg>@{REGISTERED_POSTINGS}</arg>
</arguments>
<msg timestamp="20200325 10:16:36.616" level="INFO">@{PRE_SET_POSTINGS} = [ {'url': 'https://glacial-earth-31542.herokuapp.com/api/postings/1/', 'id': 1, 'user': 1, 'title': 'My First Posting', 'content': "My First Blog's content", 'timestamp': '2019-12-18T17:06:54.373451+0...</msg>
<status status="PASS" starttime="20200325 10:16:36.615" endtime="20200325 10:16:36.618"></status>
</kw>
<status status="PASS" starttime="20200325 10:16:36.385" endtime="20200325 10:16:36.618"></status>
</kw>
<kw name="Set Suite Variable" library="BuiltIn">
<doc>Makes a variable available everywhere within the scope of the current suite.</doc>
<arguments>
<arg>${RANDOM_TARGET_POSTING}</arg>
<arg>${None}</arg>
</arguments>
<msg timestamp="20200325 10:16:36.621" level="INFO">${RANDOM_TARGET_POSTING} = None</msg>
<status status="PASS" starttime="20200325 10:16:36.619" endtime="20200325 10:16:36.621"></status>
</kw>
<status status="PASS" starttime="20200325 10:16:36.384" endtime="20200325 10:16:36.622"></status>
</kw>
<kw name="Given &quot;Target Postings&quot; Must Not Be Registered In The System">
<kw name="&quot;Registered Postings&quot; Are Read">
<kw name="Make Get Request" library="AdminUser">
<assign>
<var>${GET_RESPONSE}</var>
</assign>
<msg timestamp="20200325 10:16:36.626" level="INFO">GET Request using : uri=/api/postings/, params=None, allow_redirects=True, timeout=None
headers={'User-Agent': 'Mozilla/5.0 (X11; Linux x86_64) AppleWebKit/537.36 (KHTML, like Gecko) snap Chromium/80.0.3987.132 Chrome/80.0.3987.132 Safari/537.36', 'Accept-Encoding': 'gzip, deflate, br', 'Accept': 'application/json', 'Connection': 'keep-alive', 'Cookie': 'tabstyle=raw-tab; csrftoken=PEGpUJxFm7n1HZhkWTByL6J1YVg80jZKyrd6vupbApicnJpcFk4l2BPbAOsULVcA; sessionid=qn80bru50vcxk9r06tr9850w7v2de68x', 'Host': 'glacial-earth-31542.herokuapp.com', 'Cache-Control': 'max-age=0', 'Upgrade-Insecure-Requests': '1', 'Sec-Fetch-Dest': 'document', 'Sec-Fetch-Site': 'same-origin', 'Sec-Fetch-Mode': 'navigate', 'Sec-Fetch-User': '?1', 'Referer': 'https://glacial-earth-31542.herokuapp.com/api/postings/', 'Accept-Language': 'en-US,en;q=0.9,fi;q=0.8'} 
data=None 
json=None</msg>
<msg timestamp="20200325 10:16:36.801" level="INFO">${GET_RESPONSE} = &lt;Response [200]&gt;</msg>
<status status="PASS" starttime="20200325 10:16:36.625" endtime="20200325 10:16:36.802"></status>
</kw>
<kw name="Should Be Equal As Integers" library="BuiltIn">
<doc>Fails if objects are unequal after converting them to integers.</doc>
<arguments>
<arg>${GET_RESPONSE.status_code}</arg>
<arg>200</arg>
</arguments>
<msg timestamp="20200325 10:16:36.804" level="INFO">Argument types are:
&lt;class 'int'&gt;
&lt;type 'unicode'&gt;</msg>
<status status="PASS" starttime="20200325 10:16:36.802" endtime="20200325 10:16:36.804"></status>
</kw>
<kw name="Set Variable" library="BuiltIn">
<doc>Returns the given values which can then be assigned to a variables.</doc>
<arguments>
<arg>${GET_RESPONSE.json()}</arg>
</arguments>
<assign>
<var>@{registered_postings}</var>
</assign>
<msg timestamp="20200325 10:16:36.807" level="INFO">@{registered_postings} = [ {'url': 'https://glacial-earth-31542.herokuapp.com/api/postings/1/', 'id': 1, 'user': 1, 'title': 'My First Posting', 'content': "My First Blog's content", 'timestamp': '2019-12-18T17:06:54.373451+0...</msg>
<status status="PASS" starttime="20200325 10:16:36.805" endtime="20200325 10:16:36.807"></status>
</kw>
<kw name="Set Suite Variable" library="BuiltIn">
<doc>Makes a variable available everywhere within the scope of the current suite.</doc>
<arguments>
<arg>@{REGISTERED_POSTINGS}</arg>
<arg>@{registered_postings}</arg>
</arguments>
<msg timestamp="20200325 10:16:36.809" level="INFO">@{REGISTERED_POSTINGS} = [ {'url': 'https://glacial-earth-31542.herokuapp.com/api/postings/1/', 'id': 1, 'user': 1, 'title': 'My First Posting', 'content': "My First Blog's content", 'timestamp': '2019-12-18T17:06:54.373451+0...</msg>
<status status="PASS" starttime="20200325 10:16:36.808" endtime="20200325 10:16:36.810"></status>
</kw>
<status status="PASS" starttime="20200325 10:16:36.624" endtime="20200325 10:16:36.810"></status>
</kw>
<kw name="Is None Found" library="Utilities">
<arguments>
<arg>subset=${INCOMPLETE_TARGET_POSTINGS}</arg>
<arg>superset=${REGISTERED_POSTINGS}</arg>
</arguments>
<assign>
<var>${none_of_target_postings_found}</var>
</assign>
<msg timestamp="20200325 10:16:36.812" level="INFO">${none_of_target_postings_found} = True</msg>
<status status="PASS" starttime="20200325 10:16:36.811" endtime="20200325 10:16:36.812"></status>
</kw>
[...]
<status status="PASS" starttime="20200325 10:17:07.931" endtime="20200325 10:17:07.934"></status>
</kw>
<kw name="Set Suite Variable" library="BuiltIn">
<doc>Makes a variable available everywhere within the scope of the current suite.</doc>
<arguments>
<arg>@{REGISTERED_POSTINGS}</arg>
<arg>@{registered_postings}</arg>
</arguments>
<msg timestamp="20200325 10:17:07.937" level="INFO">@{REGISTERED_POSTINGS} = [ {'url': 'https://glacial-earth-31542.herokuapp.com/api/postings/1/', 'id': 1, 'user': 1, 'title': 'My First Posting', 'content': "My First Blog's content", 'timestamp': '2019-12-18T17:06:54.373451+0...</msg>
<status status="PASS" starttime="20200325 10:17:07.934" endtime="20200325 10:17:07.937"></status>
</kw>
<status status="PASS" starttime="20200325 10:17:07.743" endtime="20200325 10:17:07.938"></status>
</kw>
<kw name="Set Suite Variable" library="BuiltIn">
<doc>Makes a variable available everywhere within the scope of the current suite.</doc>
<arguments>
<arg>@{PRE_SET_POSTINGS}</arg>
<arg>@{REGISTERED_POSTINGS}</arg>
</arguments>
<msg timestamp="20200325 10:17:07.940" level="INFO">@{PRE_SET_POSTINGS} = [ {'url': 'https://glacial-earth-31542.herokuapp.com/api/postings/1/', 'id': 1, 'user': 1, 'title': 'My First Posting', 'content': "My First Blog's content", 'timestamp': '2019-12-18T17:06:54.373451+0...</msg>
<status status="PASS" starttime="20200325 10:17:07.938" endtime="20200325 10:17:07.940"></status>
</kw>
<status status="PASS" starttime="20200325 10:17:07.742" endtime="20200325 10:17:07.940"></status>
</kw>
<kw name="Set Suite Variable" library="BuiltIn">
<doc>Makes a variable available everywhere within the scope of the current suite.</doc>
<arguments>
<arg>${RANDOM_TARGET_POSTING}</arg>
<arg>${None}</arg>
</arguments>
<msg timestamp="20200325 10:17:07.942" level="INFO">${RANDOM_TARGET_POSTING} = None</msg>
<status status="PASS" starttime="20200325 10:17:07.941" endtime="20200325 10:17:07.942"></status>
</kw>
<status status="PASS" starttime="20200325 10:17:07.543" endtime="20200325 10:17:07.943"></status>
</kw>
<kw name="Given &quot;Target Postings&quot; Must Not Be Registered In The System">
<kw name="&quot;Registered Postings&quot; Are Read">
<kw name="Make Get Request" library="NoPriviligeUser">
<assign>
<var>${GET_RESPONSE}</var>
</assign>
<msg timestamp="20200325 10:17:07.947" level="INFO">GET Request using : uri=/api/postings/, params=None, allow_redirects=True, timeout=None
headers={'User-Agent': 'Mozilla/5.0 (X11; Linux x86_64) AppleWebKit/537.36 (KHTML, like Gecko) Chrome/80.0.3987.132 Safari/537.36', 'Accept-Encoding': 'gzip, deflate, br', 'Accept': 'application/json', 'Connection': 'keep-alive', 'Host': 'glacial-earth-31542.herokuapp.com', 'Cache-Control': 'max-age=0', 'Upgrade-Insecure-Requests': '1', 'Sec-Fetch-Dest': 'document', 'Sec-Fetch-Site': 'none', 'Sec-Fetch-Mode': 'navigate', 'Sec-Fetch-User': '?1', 'Accept-Language': 'en-US,en;q=0.9', 'Cookie': 'csrftoken=RHyE3NK61KZ3moRSwU27V39doEwRonc1F96Grq7MjsuqhSOY1LjGvVD9pQItGqgw'} 
data=None 
json=None</msg>
<msg timestamp="20200325 10:17:08.136" level="INFO">${GET_RESPONSE} = &lt;Response [200]&gt;</msg>
<status status="PASS" starttime="20200325 10:17:07.946" endtime="20200325 10:17:08.136"></status>
</kw>
<kw name="Should Be Equal As Integers" library="BuiltIn">
<doc>Fails if objects are unequal after converting them to integers.</doc>
<arguments>
<arg>${GET_RESPONSE.status_code}</arg>
<arg>200</arg>
</arguments>
<msg timestamp="20200325 10:17:08.139" level="INFO">Argument types are:
&lt;class 'int'&gt;
&lt;type 'unicode'&gt;</msg>
<status status="PASS" starttime="20200325 10:17:08.138" endtime="20200325 10:17:08.140"></status>
</kw>
<kw name="Set Variable" library="BuiltIn">
<doc>Returns the given values which can then be assigned to a variables.</doc>
<arguments>
<arg>${GET_RESPONSE.json()}</arg>
</arguments>
<assign>
<var>@{registered_postings}</var>
</assign>
<msg timestamp="20200325 10:17:08.142" level="INFO">@{registered_postings} = [ {'url': 'https://glacial-earth-31542.herokuapp.com/api/postings/1/', 'id': 1, 'user': 1, 'title': 'My First Posting', 'content': "My First Blog's content", 'timestamp': '2019-12-18T17:06:54.373451+0...</msg>
<status status="PASS" starttime="20200325 10:17:08.141" endtime="20200325 10:17:08.142"></status>
</kw>
<kw name="Set Suite Variable" library="BuiltIn">
<doc>Makes a variable available everywhere within the scope of the current suite.</doc>
<arguments>
<arg>@{REGISTERED_POSTINGS}</arg>
<arg>@{registered_postings}</arg>
</arguments>
<msg timestamp="20200325 10:17:08.145" level="INFO">@{REGISTERED_POSTINGS} = [ {'url': 'https://glacial-earth-31542.herokuapp.com/api/postings/1/', 'id': 1, 'user': 1, 'title': 'My First Posting', 'content': "My First Blog's content", 'timestamp': '2019-12-18T17:06:54.373451+0...</msg>
<status status="PASS" starttime="20200325 10:17:08.143" endtime="20200325 10:17:08.145"></status>
</kw>
<status status="PASS" starttime="20200325 10:17:07.945" endtime="20200325 10:17:08.145"></status>
</kw>
<kw name="Is None Found" library="Utilities">
<arguments>
<arg>subset=${INCOMPLETE_TARGET_POSTINGS}</arg>
<arg>superset=${REGISTERED_POSTINGS}</arg>
</arguments>
<assign>
<var>${none_of_target_postings_found}</var>
</assign>
<msg timestamp="20200325 10:17:08.147" level="INFO">${none_of_target_postings_found} = True</msg>
<status status="PASS" starttime="20200325 10:17:08.146" endtime="20200325 10:17:08.147"></status>
</kw>
<kw name="Should Be True" library="BuiltIn">
<doc>Fails if the given condition is not true.</doc>
<arguments>
<arg>${none_of_target_postings_found}</arg>
</arguments>
<status status="PASS" starttime="20200325 10:17:08.148" endtime="20200325 10:17:08.149"></status>
</kw>
<status status="PASS" starttime="20200325 10:17:07.944" endtime="20200325 10:17:08.149"></status>
</kw>
<kw name="When &quot;Target Postings&quot; Are Created">
<kw name="${p} IN [ @{INCOMPLETE_TARGET_POSTINGS} ]" type="for">
<kw name="${p} = {'title': 'Posting 1', 'content': 'Posting 1 content'}" type="foritem">
<kw name="Create Posting">
<arguments>
<arg>posting=${p}</arg>
</arguments>
<kw name="Make Post Request" library="NoPriviligeUser">
<arguments>
<arg>posting=${posting}</arg>
</arguments>
<assign>
<var>${POST_RESPONSE}</var>
</assign>
<msg timestamp="20200325 10:17:08.157" level="INFO">POST Request using : uri=/api/postings/, params=None, files=None, allow_redirects=True, timeout=None
headers={'User-Agent': 'Mozilla/5.0 (X11; Linux x86_64) AppleWebKit/537.36 (KHTML, like Gecko) snap Chromium/80.0.3987.132 Chrome/80.0.3987.132 Safari/537.36', 'Accept-Encoding': 'gzip, deflate, br', 'Accept': 'application/json', 'Connection': 'keep-alive', 'Host': 'glacial-earth-31542.herokuapp.com', 'Origin': 'https://glacial-earth-31542.herokuapp.com', 'Content-Type': 'application/json', 'Sec-Fetch-Dest': 'empty', 'X-Requested-With': 'XMLHttpRequest', 'Sec-Fetch-Site': 'same-origin', 'Sec-Fetch-Mode': 'cors', 'Referer': 'https://glacial-earth-31542.herokuapp.com/api/postings/', 'Accept-Language': 'en-US,en;q=0.9,fi;q=0.8', 'Cookie': 'csrftoken=RHyE3NK61KZ3moRSwU27V39doEwRonc1F96Grq7MjsuqhSOY1LjGvVD9pQItGqgw'} 
data={"title": "Posting 1", "content": "Posting 1 content"} 
json=None</msg>
<msg timestamp="20200325 10:17:08.338" level="INFO">${POST_RESPONSE} = &lt;Response [401]&gt;</msg>
<status status="PASS" starttime="20200325 10:17:08.154" endtime="20200325 10:17:08.339"></status>
</kw>
<kw name="Set Test Variable" library="BuiltIn">
<doc>Makes a variable available everywhere within the scope of the current test.</doc>
<arguments>
<arg>${POST_RESPONSE}</arg>
</arguments>
<msg timestamp="20200325 10:17:08.341" level="INFO">${POST_RESPONSE} = &lt;Response [401]&gt;</msg>
<status status="PASS" starttime="20200325 10:17:08.340" endtime="20200325 10:17:08.341"></status>
</kw>
<status status="PASS" starttime="20200325 10:17:08.152" endtime="20200325 10:17:08.342"></status>
</kw>
<kw name="Verify Post Response Success Code">
<kw name="Should Be Equal As Integers" library="BuiltIn">
<doc>Fails if objects are unequal after converting them to integers.</doc>
<arguments>
<arg>${POST_RESPONSE.status_code}</arg>
<arg>201</arg>
</arguments>
<msg timestamp="20200325 10:17:08.345" level="INFO">Argument types are:
&lt;class 'int'&gt;
&lt;type 'unicode'&gt;</msg>
<msg timestamp="20200325 10:17:08.346" level="FAIL">401 != 201</msg>
<status status="FAIL" starttime="20200325 10:17:08.343" endtime="20200325 10:17:08.346"></status>
</kw>
<status status="FAIL" starttime="20200325 10:17:08.342" endtime="20200325 10:17:08.347"></status>
</kw>
<status status="FAIL" starttime="20200325 10:17:08.152" endtime="20200325 10:17:08.347"></status>
</kw>
<status status="FAIL" starttime="20200325 10:17:08.151" endtime="20200325 10:17:08.348"></status>
</kw>
<status status="FAIL" starttime="20200325 10:17:08.150" endtime="20200325 10:17:08.348"></status>
</kw>
<kw name="Test Teardown" type="teardown">
<kw name="&quot;Target Postings&quot; Are Deleted">
<kw name="&quot;Registered Postings&quot; Are Read">
<kw name="Make Get Request" library="NoPriviligeUser">
<assign>
<var>${GET_RESPONSE}</var>
</assign>
<msg timestamp="20200325 10:17:08.354" level="INFO">GET Request using : uri=/api/postings/, params=None, allow_redirects=True, timeout=None
headers={'User-Agent': 'Mozilla/5.0 (X11; Linux x86_64) AppleWebKit/537.36 (KHTML, like Gecko) Chrome/80.0.3987.132 Safari/537.36', 'Accept-Encoding': 'gzip, deflate, br', 'Accept': 'application/json', 'Connection': 'keep-alive', 'Host': 'glacial-earth-31542.herokuapp.com', 'Cache-Control': 'max-age=0', 'Upgrade-Insecure-Requests': '1', 'Sec-Fetch-Dest': 'document', 'Sec-Fetch-Site': 'none', 'Sec-Fetch-Mode': 'navigate', 'Sec-Fetch-User': '?1', 'Accept-Language': 'en-US,en;q=0.9', 'Cookie': 'csrftoken=RHyE3NK61KZ3moRSwU27V39doEwRonc1F96Grq7MjsuqhSOY1LjGvVD9pQItGqgw'} 
data=None 
json=None</msg>
<msg timestamp="20200325 10:17:08.514" level="INFO">${GET_RESPONSE} = &lt;Response [200]&gt;</msg>
<status status="PASS" starttime="20200325 10:17:08.353" endtime="20200325 10:17:08.514"></status>
</kw>
<kw name="Should Be Equal As Integers" library="BuiltIn">
<doc>Fails if objects are unequal after converting them to integers.</doc>
<arguments>
<arg>${GET_RESPONSE.status_code}</arg>
<arg>200</arg>
</arguments>
<msg timestamp="20200325 10:17:08.516" level="INFO">Argument types are:
&lt;class 'int'&gt;
&lt;type 'unicode'&gt;</msg>
<status status="PASS" starttime="20200325 10:17:08.515" endtime="20200325 10:17:08.517"></status>
</kw>
<kw name="Set Variable" library="BuiltIn">
<doc>Returns the given values which can then be assigned to a variables.</doc>
<arguments>
<arg>${GET_RESPONSE.json()}</arg>
</arguments>
<assign>
<var>@{registered_postings}</var>
</assign>
<msg timestamp="20200325 10:17:08.519" level="INFO">@{registered_postings} = [ {'url': 'https://glacial-earth-31542.herokuapp.com/api/postings/1/', 'id': 1, 'user': 1, 'title': 'My First Posting', 'content': "My First Blog's content", 'timestamp': '2019-12-18T17:06:54.373451+0...</msg>
<status status="PASS" starttime="20200325 10:17:08.517" endtime="20200325 10:17:08.519"></status>
</kw>
<kw name="Set Suite Variable" library="BuiltIn">
<doc>Makes a variable available everywhere within the scope of the current suite.</doc>
<arguments>
<arg>@{REGISTERED_POSTINGS}</arg>
<arg>@{registered_postings}</arg>
</arguments>
<msg timestamp="20200325 10:17:08.522" level="INFO">@{REGISTERED_POSTINGS} = [ {'url': 'https://glacial-earth-31542.herokuapp.com/api/postings/1/', 'id': 1, 'user': 1, 'title': 'My First Posting', 'content': "My First Blog's content", 'timestamp': '2019-12-18T17:06:54.373451+0...</msg>
<status status="PASS" starttime="20200325 10:17:08.519" endtime="20200325 10:17:08.522"></status>
</kw>
<status status="PASS" starttime="20200325 10:17:08.352" endtime="20200325 10:17:08.523"></status>
</kw>
<kw name="${iptd} IN [ @{INCOMPLETE_TARGET_POSTINGS} ]" type="for">
<kw name="${iptd} = {'title': 'Posting 1', 'content': 'Posting 1 content'}" type="foritem">
<kw name="Delete Matching Posting" library="Utilities">
<arguments>
<arg>${iptd}</arg>
</arguments>
<status status="PASS" starttime="20200325 10:17:08.525" endtime="20200325 10:17:08.527"></status>
</kw>
<status status="PASS" starttime="20200325 10:17:08.525" endtime="20200325 10:17:08.527"></status>
</kw>
<kw name="${iptd} = {'title': 'Posting 2', 'content': 'Posting 2 content'}" type="foritem">
<kw name="Delete Matching Posting" library="Utilities">
<arguments>
<arg>${iptd}</arg>
</arguments>
<status status="PASS" starttime="20200325 10:17:08.528" endtime="20200325 10:17:08.529"></status>
</kw>
<status status="PASS" starttime="20200325 10:17:08.527" endtime="20200325 10:17:08.530"></status>
</kw>
<kw name="${iptd} = {'title': 'Posting 3', 'content': 'Posting 3 content'}" type="foritem">
<kw name="Delete Matching Posting" library="Utilities">
<arguments>
<arg>${iptd}</arg>
</arguments>
<status status="PASS" starttime="20200325 10:17:08.530" endtime="20200325 10:17:08.532"></status>
</kw>
<status status="PASS" starttime="20200325 10:17:08.530" endtime="20200325 10:17:08.533"></status>
</kw>
<status status="PASS" starttime="20200325 10:17:08.523" endtime="20200325 10:17:08.533"></status>
</kw>
<status status="PASS" starttime="20200325 10:17:08.351" endtime="20200325 10:17:08.533"></status>
</kw>
<kw name="&quot;Registered Postings&quot; Are Read">
<kw name="Make Get Request" library="NoPriviligeUser">
<assign>
<var>${GET_RESPONSE}</var>
</assign>
<msg timestamp="20200325 10:17:08.536" level="INFO">GET Request using : uri=/api/postings/, params=None, allow_redirects=True, timeout=None
headers={'User-Agent': 'Mozilla/5.0 (X11; Linux x86_64) AppleWebKit/537.36 (KHTML, like Gecko) Chrome/80.0.3987.132 Safari/537.36', 'Accept-Encoding': 'gzip, deflate, br', 'Accept': 'application/json', 'Connection': 'keep-alive', 'Host': 'glacial-earth-31542.herokuapp.com', 'Cache-Control': 'max-age=0', 'Upgrade-Insecure-Requests': '1', 'Sec-Fetch-Dest': 'document', 'Sec-Fetch-Site': 'none', 'Sec-Fetch-Mode': 'navigate', 'Sec-Fetch-User': '?1', 'Accept-Language': 'en-US,en;q=0.9', 'Cookie': 'csrftoken=RHyE3NK61KZ3moRSwU27V39doEwRonc1F96Grq7MjsuqhSOY1LjGvVD9pQItGqgw'} 
data=None 
json=None</msg>
<msg timestamp="20200325 10:17:08.748" level="INFO">${GET_RESPONSE} = &lt;Response [200]&gt;</msg>
<status status="PASS" starttime="20200325 10:17:08.535" endtime="20200325 10:17:08.748"></status>
</kw>
<kw name="Should Be Equal As Integers" library="BuiltIn">
<doc>Fails if objects are unequal after converting them to integers.</doc>
<arguments>
<arg>${GET_RESPONSE.status_code}</arg>
<arg>200</arg>
</arguments>
<msg timestamp="20200325 10:17:08.750" level="INFO">Argument types are:
&lt;class 'int'&gt;
&lt;type 'unicode'&gt;</msg>
<status status="PASS" starttime="20200325 10:17:08.749" endtime="20200325 10:17:08.751"></status>
</kw>
<kw name="Set Variable" library="BuiltIn">
<doc>Returns the given values which can then be assigned to a variables.</doc>
<arguments>
<arg>${GET_RESPONSE.json()}</arg>
</arguments>
<assign>
<var>@{registered_postings}</var>
</assign>
<msg timestamp="20200325 10:17:08.753" level="INFO">@{registered_postings} = [ {'url': 'https://glacial-earth-31542.herokuapp.com/api/postings/1/', 'id': 1, 'user': 1, 'title': 'My First Posting', 'content': "My First Blog's content", 'timestamp': '2019-12-18T17:06:54.373451+0...</msg>
<status status="PASS" starttime="20200325 10:17:08.751" endtime="20200325 10:17:08.753"></status>
</kw>
<kw name="Set Suite Variable" library="BuiltIn">
<doc>Makes a variable available everywhere within the scope of the current suite.</doc>
<arguments>
<arg>@{REGISTERED_POSTINGS}</arg>
<arg>@{registered_postings}</arg>
</arguments>
<msg timestamp="20200325 10:17:08.756" level="INFO">@{REGISTERED_POSTINGS} = [ {'url': 'https://glacial-earth-31542.herokuapp.com/api/postings/1/', 'id': 1, 'user': 1, 'title': 'My First Posting', 'content': "My First Blog's content", 'timestamp': '2019-12-18T17:06:54.373451+0...</msg>
<status status="PASS" starttime="20200325 10:17:08.754" endtime="20200325 10:17:08.756"></status>
</kw>
<status status="PASS" starttime="20200325 10:17:08.534" endtime="20200325 10:17:08.756"></status>
</kw>
<kw name="Only &quot;Pre-Set Postings&quot; Are Left In The System">
<kw name="Should Be True" library="BuiltIn">
<doc>Fails if the given condition is not true.</doc>
<arguments>
<arg>$REGISTERED_POSTINGS == $PRE_SET_POSTINGS</arg>
</arguments>
<status status="PASS" starttime="20200325 10:17:08.758" endtime="20200325 10:17:08.764"></status>
</kw>
<status status="PASS" starttime="20200325 10:17:08.757" endtime="20200325 10:17:08.764"></status>
</kw>
<kw name="Set Suite Variable" library="BuiltIn">
<doc>Makes a variable available everywhere within the scope of the current suite.</doc>
<arguments>
<arg>${RANDOM_TARGET_POSTING}</arg>
<arg>${None}</arg>
</arguments>
<msg timestamp="20200325 10:17:08.766" level="INFO">${RANDOM_TARGET_POSTING} = None</msg>
<status status="PASS" starttime="20200325 10:17:08.765" endtime="20200325 10:17:08.767"></status>
</kw>
<status status="PASS" starttime="20200325 10:17:08.349" endtime="20200325 10:17:08.767"></status>
</kw>
<tags>
<tag>CRUD-operations-as-NoPriviligeUser</tag>
<tag>CRUD-success-as-NoPriviligeUser</tag>
</tags>
<status status="FAIL" starttime="20200325 10:17:07.541" endtime="20200325 10:17:08.768" critical="yes">401 != 201</status>
</test>
<kw name="Suite Teardown" type="teardown">
<kw name="Delete All Sessions" library="RequestsLibrary">
<doc>Removes all the session objects</doc>
<msg timestamp="20200325 10:17:08.773" level="INFO">Delete All Sessions</msg>
<status status="PASS" starttime="20200325 10:17:08.773" endtime="20200325 10:17:08.774"></status>
</kw>
<status status="PASS" starttime="20200325 10:17:08.772" endtime="20200325 10:17:08.774"></status>
</kw>
<doc>This test suite uses NoPriviligeUser's request headers to test BlogPostAPI.
For a NoPriviligeUser, BlogPostAPI provides GET, POST methods
as well as OPTIONS method. Note that PUT and DELETE methods are not supported.
Therefore, we can make Create but we cannot Delete as NoPriviligeUser.
Since we do Create in this test suite, and we want to ensure that sytem remains
intact, we use AdminUser's rights to Delete in Test Teardown.
The URL of the API is:
https://glacial-earth-31542.herokuapp.com/api/postings/</doc>
<metadata>
<item name="OS">Linux</item>
<item name="Version">1.0</item>
</metadata>
<status status="FAIL" starttime="20200325 10:17:04.563" endtime="20200325 10:17:08.774"></status>
</suite>
<status status="FAIL" starttime="20200325 10:16:30.508" endtime="20200325 10:17:08.809"></status>
</suite>
<statistics>
<total>
<stat pass="16" fail="1">Critical Tests</stat>
<stat pass="16" fail="1">All Tests</stat>
</total>
<tag>
<stat pass="4" fail="0">CRUD-failure-as-admin</stat>
<stat pass="12" fail="0">CRUD-operations-as-admin</stat>
<stat pass="0" fail="1">CRUD-operations-as-NoPriviligeUser</stat>
<stat pass="8" fail="0">CRUD-success-as-admin</stat>
<stat pass="0" fail="1">CRUD-success-as-NoPriviligeUser</stat>
<stat pass="2" fail="0">smoke-as-admin</stat>
<stat pass="2" fail="0">smoke-as-NoPriviligeUser</stat>
</tag>
<suite>
<stat pass="16" fail="1" id="s1" name="BlogPostApiTestsAsAdmin &amp; BlogPostApiTestsAsNoPriviligeUser">BlogPostApiTestsAsAdmin &amp; BlogPostApiTestsAsNoPriviligeUser</stat>
<stat pass="14" fail="0" id="s1-s1" name="BlogPostApiTestsAsAdmin">BlogPostApiTestsAsAdmin &amp; BlogPostApiTestsAsNoPriviligeUser.BlogPostApiTestsAsAdmin</stat>
<stat pass="2" fail="1" id="s1-s2" name="BlogPostApiTestsAsNoPriviligeUser">BlogPostApiTestsAsAdmin &amp; BlogPostApiTestsAsNoPriviligeUser.BlogPostApiTestsAsNoPriviligeUser</stat>
</suite>
</statistics>
<errors>
</errors>
</robot>
